Release 14.7 - xst P.20131013 (nt64)
Copyright (c) 1995-2013 Xilinx, Inc.  All rights reserved.
--> Parameter TMPDIR set to xst/projnav.tmp


Total REAL time to Xst completion: 0.00 secs
Total CPU time to Xst completion: 0.09 secs
 
--> Parameter xsthdpdir set to xst


Total REAL time to Xst completion: 0.00 secs
Total CPU time to Xst completion: 0.09 secs
 
--> Reading design: washer_controller.prj

TABLE OF CONTENTS
  1) Synthesis Options Summary
  2) HDL Compilation
  3) Design Hierarchy Analysis
  4) HDL Analysis
  5) HDL Synthesis
     5.1) HDL Synthesis Report
  6) Advanced HDL Synthesis
     6.1) Advanced HDL Synthesis Report
  7) Low Level Synthesis
  8) Partition Report
  9) Final Report
	9.1) Device utilization summary
	9.2) Partition Resource Summary
	9.3) TIMING REPORT


=========================================================================
*                      Synthesis Options Summary                        *
=========================================================================
---- Source Parameters
Input File Name                    : "washer_controller.prj"
Input Format                       : mixed
Ignore Synthesis Constraint File   : NO

---- Target Parameters
Output File Name                   : "washer_controller"
Output Format                      : NGC
Target Device                      : xc3s500e-4-ft256

---- Source Options
Top Module Name                    : washer_controller
Automatic FSM Extraction           : YES
FSM Encoding Algorithm             : Auto
Safe Implementation                : No
FSM Style                          : LUT
RAM Extraction                     : Yes
RAM Style                          : Auto
ROM Extraction                     : Yes
Mux Style                          : Auto
Decoder Extraction                 : YES
Priority Encoder Extraction        : Yes
Shift Register Extraction          : YES
Logical Shifter Extraction         : YES
XOR Collapsing                     : YES
ROM Style                          : Auto
Mux Extraction                     : Yes
Resource Sharing                   : YES
Asynchronous To Synchronous        : NO
Multiplier Style                   : Auto
Automatic Register Balancing       : No

---- Target Options
Add IO Buffers                     : YES
Global Maximum Fanout              : 100000
Add Generic Clock Buffer(BUFG)     : 24
Register Duplication               : YES
Slice Packing                      : YES
Optimize Instantiated Primitives   : NO
Use Clock Enable                   : Yes
Use Synchronous Set                : Yes
Use Synchronous Reset              : Yes
Pack IO Registers into IOBs        : Auto
Equivalent register Removal        : YES

---- General Options
Optimization Goal                  : Speed
Optimization Effort                : 1
Keep Hierarchy                     : No
Netlist Hierarchy                  : As_Optimized
RTL Output                         : Yes
Global Optimization                : AllClockNets
Read Cores                         : YES
Write Timing Constraints           : NO
Cross Clock Analysis               : NO
Hierarchy Separator                : /
Bus Delimiter                      : <>
Case Specifier                     : Maintain
Slice Utilization Ratio            : 100
BRAM Utilization Ratio             : 100
Verilog 2001                       : YES
Auto BRAM Packing                  : NO
Slice Utilization Ratio Delta      : 5

=========================================================================


=========================================================================
*                          HDL Compilation                              *
=========================================================================
Compiling vhdl file "C:/Users/MicSeltene/Desktop/ec12027-E21501471/Lab_4_prep/clothes_washer_control_state_mashine/D_flipflop.vhd" in Library work.
Entity <D_flipflop> compiled.
Entity <D_flipflop> (Architecture <Behavioral>) compiled.
Compiling vhdl file "C:/Users/MicSeltene/Desktop/ec12027-E21501471/Lab_4_prep/clothes_washer_control_state_mashine/two_input_multiplexer.vhd" in Library work.
Architecture behavioral of Entity two_input_multiplexer is up to date.
Compiling vhdl file "C:/Users/MicSeltene/Desktop/ec12027-E21501471/Lab_4_prep/clothes_washer_control_state_mashine/washer_next_state_logic.vhd" in Library work.
Entity <washer_next_state_logic> compiled.
Entity <washer_next_state_logic> (Architecture <Behavioral>) compiled.
Compiling vhdl file "C:/Users/MicSeltene/Desktop/ec12027-E21501471/Lab_4_prep/clothes_washer_control_state_mashine/n_bit_register.vhd" in Library work.
Entity <n_bit_register> compiled.
Entity <n_bit_register> (Architecture <Behavioral>) compiled.
Compiling vhdl file "C:/Users/MicSeltene/Desktop/ec12027-E21501471/Lab_4_prep/clothes_washer_control_state_mashine/washer_output_logic.vhd" in Library work.
Entity <washer_output_logic> compiled.
Entity <washer_output_logic> (Architecture <Behavioral>) compiled.
Compiling vhdl file "C:/Users/MicSeltene/Desktop/ec12027-E21501471/Lab_4_prep/clothes_washer_control_state_mashine/washer_controller.vhd" in Library work.
Entity <washer_controller> compiled.
Entity <washer_controller> (Architecture <Behavioral>) compiled.

=========================================================================
*                     Design Hierarchy Analysis                         *
=========================================================================
Analyzing hierarchy for entity <washer_controller> in library <work> (architecture <Behavioral>).

Analyzing hierarchy for entity <two_input_multiplexer> in library <work> (architecture <behavioral>).

Analyzing hierarchy for entity <washer_next_state_logic> in library <work> (architecture <Behavioral>) with generics.
	n = 3

Analyzing hierarchy for entity <n_bit_register> in library <work> (architecture <Behavioral>) with generics.
	n = 3

Analyzing hierarchy for entity <washer_output_logic> in library <work> (architecture <Behavioral>) with generics.
	n = 3

Analyzing hierarchy for entity <D_flipflop> in library <work> (architecture <Behavioral>).


=========================================================================
*                            HDL Analysis                               *
=========================================================================
Analyzing Entity <washer_controller> in library <work> (Architecture <Behavioral>).
Entity <washer_controller> analyzed. Unit <washer_controller> generated.

Analyzing Entity <two_input_multiplexer> in library <work> (Architecture <behavioral>).
INFO:Xst:1561 - "C:/Users/MicSeltene/Desktop/ec12027-E21501471/Lab_4_prep/clothes_washer_control_state_mashine/two_input_multiplexer.vhd" line 38: Mux is complete : default of case is discarded
Entity <two_input_multiplexer> analyzed. Unit <two_input_multiplexer> generated.

Analyzing generic Entity <washer_next_state_logic> in library <work> (Architecture <Behavioral>).
	n = 3
INFO:Xst:1561 - "C:/Users/MicSeltene/Desktop/ec12027-E21501471/Lab_4_prep/clothes_washer_control_state_mashine/washer_next_state_logic.vhd" line 85: Mux is complete : default of case is discarded
Entity <washer_next_state_logic> analyzed. Unit <washer_next_state_logic> generated.

Analyzing generic Entity <n_bit_register> in library <work> (Architecture <Behavioral>).
	n = 3
Entity <n_bit_register> analyzed. Unit <n_bit_register> generated.

Analyzing Entity <D_flipflop> in library <work> (Architecture <Behavioral>).
Entity <D_flipflop> analyzed. Unit <D_flipflop> generated.

Analyzing generic Entity <washer_output_logic> in library <work> (Architecture <Behavioral>).
	n = 3
Entity <washer_output_logic> analyzed. Unit <washer_output_logic> generated.


=========================================================================
*                           HDL Synthesis                               *
=========================================================================

Performing bidirectional port resolution...

Synthesizing Unit <two_input_multiplexer>.
    Related source file is "C:/Users/MicSeltene/Desktop/ec12027-E21501471/Lab_4_prep/clothes_washer_control_state_mashine/two_input_multiplexer.vhd".
Unit <two_input_multiplexer> synthesized.


Synthesizing Unit <washer_next_state_logic>.
    Related source file is "C:/Users/MicSeltene/Desktop/ec12027-E21501471/Lab_4_prep/clothes_washer_control_state_mashine/washer_next_state_logic.vhd".
WARNING:Xst:737 - Found 3-bit latch for signal <next_state>. Latches may be generated from incomplete case or if statements. We do not recommend the use of latches in FPGA/CPLD designs, as they may lead to timing problems.
INFO:Xst:2371 - HDL ADVISOR - Logic functions respectively driving the data and gate enable inputs of this latch share common terms. This situation will potentially lead to setup/hold violations and, as a result, to simulation problems. This situation may come from an incomplete case statement (all selector values are not covered). You should carefully review if it was in your intentions to describe such a latch.
    Found 3-bit 8-to-1 multiplexer for signal <next_state$mux0003>.
    Summary:
	inferred   3 Multiplexer(s).
Unit <washer_next_state_logic> synthesized.


Synthesizing Unit <washer_output_logic>.
    Related source file is "C:/Users/MicSeltene/Desktop/ec12027-E21501471/Lab_4_prep/clothes_washer_control_state_mashine/washer_output_logic.vhd".
    Found 8x5-bit ROM for signal <state$rom0000>.
    Summary:
	inferred   1 ROM(s).
Unit <washer_output_logic> synthesized.


Synthesizing Unit <D_flipflop>.
    Related source file is "C:/Users/MicSeltene/Desktop/ec12027-E21501471/Lab_4_prep/clothes_washer_control_state_mashine/D_flipflop.vhd".
INFO:Xst:1608 - Relative priorities of control signals on register <Q_bar> differ from those commonly found in the selected device family. This will result in additional logic around the register.
    Found 1-bit register for signal <Q>.
    Found 1-bit register for signal <Q_bar>.
    Summary:
	inferred   2 D-type flip-flop(s).
Unit <D_flipflop> synthesized.


Synthesizing Unit <n_bit_register>.
    Related source file is "C:/Users/MicSeltene/Desktop/ec12027-E21501471/Lab_4_prep/clothes_washer_control_state_mashine/n_bit_register.vhd".
Unit <n_bit_register> synthesized.


Synthesizing Unit <washer_controller>.
    Related source file is "C:/Users/MicSeltene/Desktop/ec12027-E21501471/Lab_4_prep/clothes_washer_control_state_mashine/washer_controller.vhd".
WARNING:Xst:646 - Signal <dummy> is assigned but never used. This unconnected signal will be trimmed during the optimization process.
Unit <washer_controller> synthesized.


=========================================================================
HDL Synthesis Report

Macro Statistics
# ROMs                                                 : 1
 8x5-bit ROM                                           : 1
# Registers                                            : 6
 1-bit register                                        : 6
# Latches                                              : 1
 3-bit latch                                           : 1
# Multiplexers                                         : 1
 3-bit 8-to-1 multiplexer                              : 1

=========================================================================

=========================================================================
*                       Advanced HDL Synthesis                          *
=========================================================================

WARNING:Xst:1294 - Latch <0> is equivalent to a wire in block <0>.
WARNING:Xst:1294 - Latch <0> is equivalent to a wire in block <1>.
WARNING:Xst:1294 - Latch <0> is equivalent to a wire in block <2>.

=========================================================================
Advanced HDL Synthesis Report

Macro Statistics
# ROMs                                                 : 1
 8x5-bit ROM                                           : 1
# Registers                                            : 6
 Flip-Flops                                            : 6
# Latches                                              : 1
 3-bit latch                                           : 1

=========================================================================

=========================================================================
*                         Low Level Synthesis                           *
=========================================================================
WARNING:Xst:1294 - Latch <next_state_0> is equivalent to a wire in block <washer_next_state_logic>.
WARNING:Xst:1294 - Latch <next_state_1> is equivalent to a wire in block <washer_next_state_logic>.
WARNING:Xst:1294 - Latch <next_state_2> is equivalent to a wire in block <washer_next_state_logic>.
WARNING:Xst:2677 - Node <reg/inst[2].D_flipflop_i/Q_bar> of sequential type is unconnected in block <washer_controller>.
WARNING:Xst:2677 - Node <reg/inst[1].D_flipflop_i/Q_bar> of sequential type is unconnected in block <washer_controller>.
WARNING:Xst:2677 - Node <reg/inst[0].D_flipflop_i/Q_bar> of sequential type is unconnected in block <washer_controller>.

Optimizing unit <washer_controller> ...

Mapping all equations...
Building and optimizing final netlist ...
Found area constraint ratio of 100 (+ 5) on block washer_controller, actual ratio is 0.

Final Macro Processing ...

=========================================================================
Final Register Report

Macro Statistics
# Registers                                            : 3
 Flip-Flops                                            : 3

=========================================================================

=========================================================================
*                           Partition Report                            *
=========================================================================

Partition Implementation Status
-------------------------------

  No Partitions were found in this design.

-------------------------------

=========================================================================
*                            Final Report                               *
=========================================================================
Final Results
RTL Top Level Output File Name     : washer_controller.ngr
Top Level Output File Name         : washer_controller
Output Format                      : NGC
Optimization Goal                  : Speed
Keep Hierarchy                     : No

Design Statistics
# IOs                              : 10

Cell Usage :
# BELS                             : 11
#      GND                         : 1
#      LUT3                        : 6
#      LUT4                        : 3
#      MUXF5                       : 1
# FlipFlops/Latches                : 3
#      FDCP                        : 3
# Clock Buffers                    : 1
#      BUFGP                       : 1
# IO Buffers                       : 9
#      IBUF                        : 4
#      OBUF                        : 5
=========================================================================

Device utilization summary:
---------------------------

Selected Device : 3s500eft256-4 

 Number of Slices:                        5  out of   4656     0%  
 Number of Slice Flip Flops:              3  out of   9312     0%  
 Number of 4 input LUTs:                  9  out of   9312     0%  
 Number of IOs:                          10
 Number of bonded IOBs:                  10  out of    190     5%  
 Number of GCLKs:                         1  out of     24     4%  

---------------------------
Partition Resource Summary:
---------------------------

  No Partitions were found in this design.

---------------------------


=========================================================================
TIMING REPORT

NOTE: THESE TIMING NUMBERS ARE ONLY A SYNTHESIS ESTIMATE.
      FOR ACCURATE TIMING INFORMATION PLEASE REFER TO THE TRACE REPORT
      GENERATED AFTER PLACE-and-ROUTE.

Clock Information:
------------------
-----------------------------------+------------------------+-------+
Clock Signal                       | Clock buffer(FF name)  | Load  |
-----------------------------------+------------------------+-------+
CLK                                | BUFGP                  | 3     |
-----------------------------------+------------------------+-------+

Asynchronous Control Signals Information:
----------------------------------------
-----------------------------------+---------------------------------+-------+
Control Signal                     | Buffer(FF name)                 | Load  |
-----------------------------------+---------------------------------+-------+
N0(XST_GND:G)                      | NONE(reg/inst[0].D_flipflop_i/Q)| 3     |
reset                              | IBUF                            | 3     |
-----------------------------------+---------------------------------+-------+

Timing Summary:
---------------
Speed Grade: -4

   Minimum period: 2.919ns (Maximum Frequency: 342.583MHz)
   Minimum input arrival time before clock: 3.161ns
   Maximum output required time after clock: 5.982ns
   Maximum combinational path delay: No path found

Timing Detail:
--------------
All values displayed in nanoseconds (ns)

=========================================================================
Timing constraint: Default period analysis for Clock 'CLK'
  Clock period: 2.919ns (frequency: 342.583MHz)
  Total number of paths / destination ports: 11 / 3
-------------------------------------------------------------------------
Delay:               2.919ns (Levels of Logic = 2)
  Source:            reg/inst[0].D_flipflop_i/Q (FF)
  Destination:       reg/inst[0].D_flipflop_i/Q (FF)
  Source Clock:      CLK rising
  Destination Clock: CLK rising

  Data Path: reg/inst[0].D_flipflop_i/Q to reg/inst[0].D_flipflop_i/Q
                                Gate     Net
    Cell:in->out      fanout   Delay   Delay  Logical Name (Net Name)
    ----------------------------------------  ------------
     FDCP:C->Q             9   0.591   0.995  reg/inst[0].D_flipflop_i/Q (reg/inst[0].D_flipflop_i/Q)
     LUT4:I0->O            1   0.704   0.000  ns_logic/Mmux_next_state_mux00033_F (N9)
     MUXF5:I0->O           1   0.321   0.000  ns_logic/Mmux_next_state_mux00033 (next_state<0>)
     FDCP:D                    0.308          reg/inst[0].D_flipflop_i/Q
    ----------------------------------------
    Total                      2.919ns (1.924ns logic, 0.995ns route)
                                       (65.9% logic, 34.1% route)

=========================================================================
Timing constraint: Default OFFSET IN BEFORE for Clock 'CLK'
  Total number of paths / destination ports: 5 / 3
-------------------------------------------------------------------------
Offset:              3.161ns (Levels of Logic = 3)
  Source:            spin_dry (PAD)
  Destination:       reg/inst[0].D_flipflop_i/Q (FF)
  Destination Clock: CLK rising

  Data Path: spin_dry to reg/inst[0].D_flipflop_i/Q
                                Gate     Net
    Cell:in->out      fanout   Delay   Delay  Logical Name (Net Name)
    ----------------------------------------  ------------
     IBUF:I->O             3   1.218   0.610  spin_dry_IBUF (spin_dry_IBUF)
     LUT3:I1->O            1   0.704   0.000  ns_logic/Mmux_next_state_mux00033_G (N10)
     MUXF5:I1->O           1   0.321   0.000  ns_logic/Mmux_next_state_mux00033 (next_state<0>)
     FDCP:D                    0.308          reg/inst[0].D_flipflop_i/Q
    ----------------------------------------
    Total                      3.161ns (2.551ns logic, 0.610ns route)
                                       (80.7% logic, 19.3% route)

=========================================================================
Timing constraint: Default OFFSET OUT AFTER for Clock 'CLK'
  Total number of paths / destination ports: 15 / 5
-------------------------------------------------------------------------
Offset:              5.982ns (Levels of Logic = 2)
  Source:            reg/inst[2].D_flipflop_i/Q (FF)
  Destination:       water_pump (PAD)
  Source Clock:      CLK rising

  Data Path: reg/inst[2].D_flipflop_i/Q to water_pump
                                Gate     Net
    Cell:in->out      fanout   Delay   Delay  Logical Name (Net Name)
    ----------------------------------------  ------------
     FDCP:C->Q             9   0.591   0.995  reg/inst[2].D_flipflop_i/Q (reg/inst[2].D_flipflop_i/Q)
     LUT3:I0->O            1   0.704   0.420  op_logic/Mrom_state_rom000041 (water_pump_OBUF)
     OBUF:I->O                 3.272          water_pump_OBUF (water_pump)
    ----------------------------------------
    Total                      5.982ns (4.567ns logic, 1.415ns route)
                                       (76.3% logic, 23.7% route)

=========================================================================


Total REAL time to Xst completion: 5.00 secs
Total CPU time to Xst completion: 4.76 secs
 
--> 

Total memory usage is 302568 kilobytes

Number of errors   :    0 (   0 filtered)
Number of warnings :   11 (   0 filtered)
Number of infos    :    4 (   0 filtered)

