Command line:
   nbit_xor_control_tb_vhd_isim_beh.exe
     -simmode  gui
     -simrunnum  0
     -socket  50039

Tue Nov 03 12:32:40 2015


 Elaboration Time: 0.046875 sec

 Current Memory Usage: 841.904 Meg

 Total Signals          : 18
 Total Nets             : 9
 Total Signal Drivers   : 6
 Total Blocks           : 14
 Total Primitive Blocks : 8
 Total Processes        : 5
 Total Traceable Variables  : 20
 Total Scalar Nets and Variables : 515
Total Line Count : 10

 Total Simulation Time: 0.0625 sec

 Current Memory Usage: 370.02 Meg

Tue Nov 03 12:47:55 2015

