Command line:
   Data_path_tb_isim_beh.exe
     -simmode  gui
     -simrunnum  0
     -socket  50553

Wed Dec 09 14:52:48 2015


 Elaboration Time: 0.15625 sec

 Current Memory Usage: 854.057 Meg

 Total Signals          : 2594
 Total Nets             : 594
 Total Signal Drivers   : 496
 Total Blocks           : 685
 Total Primitive Blocks : 445
 Total Processes        : 459
 Total Traceable Variables  : 114
 Total Scalar Nets and Variables : 1194
Total Line Count : 1032

 Total Simulation Time: 0.203125 sec

 Current Memory Usage: 854.057 Meg

Wed Dec 09 14:52:55 2015

