--------------------------------------------------------------------------------
Release 14.7 Trace  (nt64)
Copyright (c) 1995-2013 Xilinx, Inc.  All rights reserved.

H:\0\xi\14.7\ISE_DS\ISE\bin\nt64\unwrapped\trce.exe -intstyle ise -v 3 -s 4 -n
3 -fastpaths -xml modulo_m_counter_with_synchronous_reset.twx
modulo_m_counter_with_synchronous_reset.ncd -o
modulo_m_counter_with_synchronous_reset.twr
modulo_m_counter_with_synchronous_reset.pcf -ucf
modulo_m_counter_with_synchronous_reset_constraint.ucf

Design file:              modulo_m_counter_with_synchronous_reset.ncd
Physical constraint file: modulo_m_counter_with_synchronous_reset.pcf
Device,package,speed:     xc3s500e,ft256,-4 (PRODUCTION 1.27 2013-10-13)
Report level:             verbose report

Environment Variable      Effect 
--------------------      ------ 
NONE                      No environment variables were set
--------------------------------------------------------------------------------

INFO:Timing:2698 - No timing constraints found, doing default enumeration.
INFO:Timing:3412 - To improve timing, see the Timing Closure User Guide (UG612).
INFO:Timing:2752 - To get complete path coverage, use the unconstrained paths 
   option. All paths that are not constrained will be reported in the 
   unconstrained paths section(s) of the report.
INFO:Timing:3339 - The clock-to-out numbers in this timing report are based on 
   a 50 Ohm transmission line loading model.  For the details of this model, 
   and for more information on accounting for different loading conditions, 
   please see the device datasheet.
INFO:Timing:3390 - This architecture does not support a default System Jitter 
   value, please add SYSTEM_JITTER constraint to the UCF to modify the Clock 
   Uncertainty calculation.
INFO:Timing:3389 - This architecture does not support 'Discrete Jitter' and 
   'Phase Error' calculations, these terms will be zero in the Clock 
   Uncertainty calculation.  Please make appropriate modification to 
   SYSTEM_JITTER to account for the unsupported Discrete Jitter and Phase 
   Error.



Data Sheet report:
-----------------
All values displayed in nanoseconds (ns)

Setup/Hold to clock CLK
------------+------------+------------+------------------+--------+
            |Max Setup to|Max Hold to |                  | Clock  |
Source      | clk (edge) | clk (edge) |Internal Clock(s) | Phase  |
------------+------------+------------+------------------+--------+
M_value<0>  |    4.217(R)|   -1.521(R)|CLK_BUFGP         |   0.000|
M_value<1>  |    4.265(R)|   -1.559(R)|CLK_BUFGP         |   0.000|
M_value<2>  |    4.117(R)|   -1.441(R)|CLK_BUFGP         |   0.000|
M_value<3>  |    3.653(R)|   -1.069(R)|CLK_BUFGP         |   0.000|
M_value<4>  |    3.215(R)|   -0.720(R)|CLK_BUFGP         |   0.000|
M_value<5>  |    2.468(R)|   -0.122(R)|CLK_BUFGP         |   0.000|
M_value<6>  |    3.176(R)|   -0.687(R)|CLK_BUFGP         |   0.000|
M_value<7>  |    3.880(R)|   -1.250(R)|CLK_BUFGP         |   0.000|
count_enable|    3.476(R)|    0.347(R)|CLK_BUFGP         |   0.000|
------------+------------+------------+------------------+--------+

Clock CLK to Pad
------------+------------+------------------+--------+
            | clk (edge) |                  | Clock  |
Destination |   to PAD   |Internal Clock(s) | Phase  |
------------+------------+------------------+--------+
Q_outputs<0>|    8.543(R)|CLK_BUFGP         |   0.000|
Q_outputs<1>|    8.002(R)|CLK_BUFGP         |   0.000|
Q_outputs<2>|    7.950(R)|CLK_BUFGP         |   0.000|
Q_outputs<3>|    8.384(R)|CLK_BUFGP         |   0.000|
Q_outputs<4>|    8.403(R)|CLK_BUFGP         |   0.000|
Q_outputs<5>|    7.910(R)|CLK_BUFGP         |   0.000|
Q_outputs<6>|    8.277(R)|CLK_BUFGP         |   0.000|
Q_outputs<7>|    8.057(R)|CLK_BUFGP         |   0.000|
------------+------------+------------------+--------+

Clock to Setup on destination clock CLK
---------------+---------+---------+---------+---------+
               | Src:Rise| Src:Fall| Src:Rise| Src:Fall|
Source Clock   |Dest:Rise|Dest:Rise|Dest:Fall|Dest:Fall|
---------------+---------+---------+---------+---------+
CLK            |    5.207|         |         |         |
---------------+---------+---------+---------+---------+


Analysis completed Wed Nov 18 20:39:50 2015 
--------------------------------------------------------------------------------

Trace Settings:
-------------------------
Trace Settings 

Peak Memory Usage: 177 MB



