--------------------------------------------------------------------------------
Release 14.7 Trace  (nt64)
Copyright (c) 1995-2013 Xilinx, Inc.  All rights reserved.

H:\0\xi\14.7\ISE_DS\ISE\bin\nt64\unwrapped\trce.exe -intstyle ise -v 3 -s 4 -n
3 -fastpaths -xml modulo_m_counter_with_asynchronous_reset.twx
modulo_m_counter_with_asynchronous_reset.ncd -o
modulo_m_counter_with_asynchronous_reset.twr
modulo_m_counter_with_asynchronous_reset.pcf

Design file:              modulo_m_counter_with_asynchronous_reset.ncd
Physical constraint file: modulo_m_counter_with_asynchronous_reset.pcf
Device,package,speed:     xc3s500e,ft256,-4 (PRODUCTION 1.27 2013-10-13)
Report level:             verbose report

Environment Variable      Effect 
--------------------      ------ 
NONE                      No environment variables were set
--------------------------------------------------------------------------------

INFO:Timing:2698 - No timing constraints found, doing default enumeration.
INFO:Timing:3412 - To improve timing, see the Timing Closure User Guide (UG612).
INFO:Timing:2752 - To get complete path coverage, use the unconstrained paths 
   option. All paths that are not constrained will be reported in the 
   unconstrained paths section(s) of the report.
INFO:Timing:3339 - The clock-to-out numbers in this timing report are based on 
   a 50 Ohm transmission line loading model.  For the details of this model, 
   and for more information on accounting for different loading conditions, 
   please see the device datasheet.
INFO:Timing:3390 - This architecture does not support a default System Jitter 
   value, please add SYSTEM_JITTER constraint to the UCF to modify the Clock 
   Uncertainty calculation.
INFO:Timing:3389 - This architecture does not support 'Discrete Jitter' and 
   'Phase Error' calculations, these terms will be zero in the Clock 
   Uncertainty calculation.  Please make appropriate modification to 
   SYSTEM_JITTER to account for the unsupported Discrete Jitter and Phase 
   Error.



Data Sheet report:
-----------------
All values displayed in nanoseconds (ns)

Setup/Hold to clock CLK
------------+------------+------------+------------------+--------+
            |Max Setup to|Max Hold to |                  | Clock  |
Source      | clk (edge) | clk (edge) |Internal Clock(s) | Phase  |
------------+------------+------------+------------------+--------+
count_enable|    2.949(R)|    0.488(R)|CLK_BUFGP         |   0.000|
------------+------------+------------+------------------+--------+

Clock CLK to Pad
------------+------------+------------------+--------+
            | clk (edge) |                  | Clock  |
Destination |   to PAD   |Internal Clock(s) | Phase  |
------------+------------+------------------+--------+
Q_outputs<0>|    8.350(R)|CLK_BUFGP         |   0.000|
Q_outputs<1>|    8.348(R)|CLK_BUFGP         |   0.000|
Q_outputs<2>|   10.916(R)|CLK_BUFGP         |   0.000|
Q_outputs<3>|    8.302(R)|CLK_BUFGP         |   0.000|
Q_outputs<4>|    7.979(R)|CLK_BUFGP         |   0.000|
Q_outputs<5>|    7.868(R)|CLK_BUFGP         |   0.000|
Q_outputs<6>|    7.745(R)|CLK_BUFGP         |   0.000|
Q_outputs<7>|    7.802(R)|CLK_BUFGP         |   0.000|
------------+------------+------------------+--------+

Clock to Setup on destination clock CLK
---------------+---------+---------+---------+---------+
               | Src:Rise| Src:Fall| Src:Rise| Src:Fall|
Source Clock   |Dest:Rise|Dest:Rise|Dest:Fall|Dest:Fall|
---------------+---------+---------+---------+---------+
CLK            |    3.292|         |         |         |
---------------+---------+---------+---------+---------+


Analysis completed Wed Nov 18 20:38:58 2015 
--------------------------------------------------------------------------------

Trace Settings:
-------------------------
Trace Settings 

Peak Memory Usage: 178 MB



