Release 14.7 - xst P.20131013 (nt64)
Copyright (c) 1995-2013 Xilinx, Inc.  All rights reserved.
--> Parameter TMPDIR set to xst/projnav.tmp


Total REAL time to Xst completion: 0.00 secs
Total CPU time to Xst completion: 0.09 secs
 
--> Parameter xsthdpdir set to xst


Total REAL time to Xst completion: 0.00 secs
Total CPU time to Xst completion: 0.09 secs
 
--> Reading design: n_bit_rfc_register.prj

TABLE OF CONTENTS
  1) Synthesis Options Summary
  2) HDL Parsing
  3) HDL Elaboration
  4) HDL Synthesis
       4.1) HDL Synthesis Report
  5) Advanced HDL Synthesis
       5.1) Advanced HDL Synthesis Report
  6) Low Level Synthesis
  7) Partition Report
  8) Design Summary
       8.1) Primitive and Black Box Usage
       8.2) Device utilization summary
       8.3) Partition Resource Summary
       8.4) Timing Report
            8.4.1) Clock Information
            8.4.2) Asynchronous Control Signals Information
            8.4.3) Timing Summary
            8.4.4) Timing Details
            8.4.5) Cross Clock Domains Report


=========================================================================
*                      Synthesis Options Summary                        *
=========================================================================
---- Source Parameters
Input File Name                    : "n_bit_rfc_register.prj"
Ignore Synthesis Constraint File   : NO

---- Target Parameters
Output File Name                   : "n_bit_rfc_register"
Output Format                      : NGC
Target Device                      : xa7a100t-2I-csg324

---- Source Options
Top Module Name                    : n_bit_rfc_register
Automatic FSM Extraction           : YES
FSM Encoding Algorithm             : Auto
Safe Implementation                : No
FSM Style                          : LUT
RAM Extraction                     : Yes
RAM Style                          : Auto
ROM Extraction                     : Yes
Shift Register Extraction          : YES
ROM Style                          : Auto
Resource Sharing                   : YES
Asynchronous To Synchronous        : NO
Shift Register Minimum Size        : 2
Use DSP Block                      : Auto
Automatic Register Balancing       : No

---- Target Options
LUT Combining                      : Auto
Reduce Control Sets                : Auto
Add IO Buffers                     : YES
Global Maximum Fanout              : 100000
Add Generic Clock Buffer(BUFG)     : 32
Register Duplication               : YES
Optimize Instantiated Primitives   : NO
Use Clock Enable                   : Auto
Use Synchronous Set                : Auto
Use Synchronous Reset              : Auto
Pack IO Registers into IOBs        : Auto
Equivalent register Removal        : YES

---- General Options
Optimization Goal                  : Speed
Optimization Effort                : 1
Power Reduction                    : NO
Keep Hierarchy                     : No
Netlist Hierarchy                  : As_Optimized
RTL Output                         : Yes
Global Optimization                : AllClockNets
Read Cores                         : YES
Write Timing Constraints           : NO
Cross Clock Analysis               : NO
Hierarchy Separator                : /
Bus Delimiter                      : <>
Case Specifier                     : Maintain
Slice Utilization Ratio            : 100
BRAM Utilization Ratio             : 100
DSP48 Utilization Ratio            : 100
Auto BRAM Packing                  : NO
Slice Utilization Ratio Delta      : 5

=========================================================================


=========================================================================
*                          HDL Parsing                                  *
=========================================================================
Parsing VHDL file "C:\Users\Yasmin\Documents\GitHub\DSD_group_6\Lab_5\Lab_5_prep\register_file_cell + n_bit_rfc_reg\or_gate.vhd" into library work
Parsing entity <or_gate>.
Parsing architecture <or_gate_behaviour> of entity <or_gate>.
Parsing VHDL file "C:\Users\Yasmin\Documents\GitHub\DSD_group_6\Lab_5\Lab_5_prep\register_file_cell + n_bit_rfc_reg\not_gate.vhd" into library work
Parsing entity <not_gate>.
Parsing architecture <Behavioral> of entity <not_gate>.
Parsing VHDL file "C:\Users\Yasmin\Documents\GitHub\DSD_group_6\Lab_5\Lab_5_prep\register_file_cell + n_bit_rfc_reg\and_gate.vhd" into library work
Parsing entity <and_gate>.
Parsing architecture <and_gate_behavioral> of entity <and_gate>.
Parsing VHDL file "C:\Users\Yasmin\Documents\GitHub\DSD_group_6\Lab_5\Lab_5_prep\register_file_cell + n_bit_rfc_reg\two_input_multiplexer.vhd" into library work
Parsing entity <two_input_multiplexer>.
Parsing architecture <two_input_multiplexer_behavioral> of entity <two_input_multiplexer>.
Parsing VHDL file "C:\Users\Yasmin\Documents\GitHub\DSD_group_6\Lab_5\Lab_5_prep\register_file_cell + n_bit_rfc_reg\tri_buff.vhd" into library work
Parsing entity <tri_buff>.
Parsing architecture <Behavioral> of entity <tri_buff>.
Parsing VHDL file "C:\Users\Yasmin\Documents\GitHub\DSD_group_6\Lab_5\Lab_5_prep\register_file_cell + n_bit_rfc_reg\D_flipflop.vhd" into library work
Parsing entity <D_flipflop>.
Parsing architecture <Behavioral> of entity <d_flipflop>.
Parsing VHDL file "C:\Users\Yasmin\Documents\GitHub\DSD_group_6\Lab_5\Lab_5_prep\register_file_cell + n_bit_rfc_reg\register_file_cell.vhd" into library work
Parsing entity <register_file_cell>.
Parsing architecture <Behavioral> of entity <register_file_cell>.
Parsing VHDL file "C:\Users\Yasmin\Documents\GitHub\DSD_group_6\Lab_5\Lab_5_prep\register_file_cell + n_bit_rfc_reg\n_bit_rfc_register.vhd" into library work
Parsing entity <n_bit_rfc_register>.
Parsing architecture <Behavioral> of entity <n_bit_rfc_register>.

=========================================================================
*                            HDL Elaboration                            *
=========================================================================

Elaborating entity <n_bit_rfc_register> (architecture <Behavioral>) with generics from library <work>.

Elaborating entity <register_file_cell> (architecture <Behavioral>) from library <work>.

Elaborating entity <two_input_multiplexer> (architecture <two_input_multiplexer_behavioral>) from library <work>.

Elaborating entity <not_gate> (architecture <Behavioral>) from library <work>.

Elaborating entity <and_gate> (architecture <and_gate_behavioral>) from library <work>.

Elaborating entity <or_gate> (architecture <or_gate_behaviour>) from library <work>.

Elaborating entity <D_flipflop> (architecture <Behavioral>) from library <work>.

Elaborating entity <tri_buff> (architecture <Behavioral>) from library <work>.

=========================================================================
*                           HDL Synthesis                               *
=========================================================================

Synthesizing Unit <n_bit_rfc_register>.
    Related source file is "C:\Users\Yasmin\Documents\GitHub\DSD_group_6\Lab_5\Lab_5_prep\register_file_cell + n_bit_rfc_reg\n_bit_rfc_register.vhd".
        n = 4
WARNING:Xst:647 - Input <Data_in<2:0>> is never used. This port will be preserved and left unconnected if it belongs to a top-level block or it belongs to a sub-block and the hierarchy of this sub-block is preserved.
    Summary:
	no macro.
Unit <n_bit_rfc_register> synthesized.

Synthesizing Unit <register_file_cell>.
    Related source file is "C:\Users\Yasmin\Documents\GitHub\DSD_group_6\Lab_5\Lab_5_prep\register_file_cell + n_bit_rfc_reg\register_file_cell.vhd".
INFO:Xst:3210 - "C:\Users\Yasmin\Documents\GitHub\DSD_group_6\Lab_5\Lab_5_prep\register_file_cell + n_bit_rfc_reg\register_file_cell.vhd" line 69: Output port <Q_bar> of the instance <G2_D_flipflop> is unconnected or connected to loadless signal.
    Summary:
	no macro.
Unit <register_file_cell> synthesized.

Synthesizing Unit <two_input_multiplexer>.
    Related source file is "C:\Users\Yasmin\Documents\GitHub\DSD_group_6\Lab_5\Lab_5_prep\register_file_cell + n_bit_rfc_reg\two_input_multiplexer.vhd".
    Summary:
	no macro.
Unit <two_input_multiplexer> synthesized.

Synthesizing Unit <not_gate>.
    Related source file is "C:\Users\Yasmin\Documents\GitHub\DSD_group_6\Lab_5\Lab_5_prep\register_file_cell + n_bit_rfc_reg\not_gate.vhd".
    Summary:
	no macro.
Unit <not_gate> synthesized.

Synthesizing Unit <and_gate>.
    Related source file is "C:\Users\Yasmin\Documents\GitHub\DSD_group_6\Lab_5\Lab_5_prep\register_file_cell + n_bit_rfc_reg\and_gate.vhd".
    Summary:
	no macro.
Unit <and_gate> synthesized.

Synthesizing Unit <or_gate>.
    Related source file is "C:\Users\Yasmin\Documents\GitHub\DSD_group_6\Lab_5\Lab_5_prep\register_file_cell + n_bit_rfc_reg\or_gate.vhd".
    Summary:
	no macro.
Unit <or_gate> synthesized.

Synthesizing Unit <D_flipflop>.
    Related source file is "C:\Users\Yasmin\Documents\GitHub\DSD_group_6\Lab_5\Lab_5_prep\register_file_cell + n_bit_rfc_reg\D_flipflop.vhd".
    Found 1-bit register for signal <Q>.
    Found 1-bit register for signal <Q_bar>.
    Summary:
	inferred   2 D-type flip-flop(s).
Unit <D_flipflop> synthesized.

Synthesizing Unit <tri_buff>.
    Related source file is "C:\Users\Yasmin\Documents\GitHub\DSD_group_6\Lab_5\Lab_5_prep\register_file_cell + n_bit_rfc_reg\tri_buff.vhd".
    Found 1-bit tristate buffer for signal <Output> created at line 59
    Summary:
	inferred   1 Tristate(s).
Unit <tri_buff> synthesized.

=========================================================================
HDL Synthesis Report

Macro Statistics
# Registers                                            : 2
 1-bit register                                        : 2
# Tristates                                            : 2
 1-bit tristate buffer                                 : 2

=========================================================================

=========================================================================
*                       Advanced HDL Synthesis                          *
=========================================================================

WARNING:Xst - The specified part-type was not generated at build time. XST is loading the full part-type and will therefore consume more CPU and memory.
Loading device for application Rf_Device from file '7a100t.nph' in environment C:\Xilinx\14.7\ISE_DS\ISE\.
Loading device for application Rf_Device from file '7a100t.nph' in environment C:\Xilinx\14.7\ISE_DS\ISE\.

=========================================================================
Advanced HDL Synthesis Report

Macro Statistics
# Registers                                            : 2
 Flip-Flops                                            : 2

=========================================================================

=========================================================================
*                         Low Level Synthesis                           *
=========================================================================
WARNING:Xst:2677 - Node <G_RFC_i/G2_D_flipflop/Q_bar> of sequential type is unconnected in block <n_bit_rfc_register>.

Optimizing unit <n_bit_rfc_register> ...

Mapping all equations...
Building and optimizing final netlist ...
Found area constraint ratio of 100 (+ 5) on block n_bit_rfc_register, actual ratio is 0.

Final Macro Processing ...

=========================================================================
Final Register Report

Macro Statistics
# Registers                                            : 1
 Flip-Flops                                            : 1

=========================================================================

=========================================================================
*                           Partition Report                            *
=========================================================================

Partition Implementation Status
-------------------------------

  No Partitions were found in this design.

-------------------------------

=========================================================================
*                            Design Summary                             *
=========================================================================

Top Level Output File Name         : n_bit_rfc_register.ngc

Primitive and Black Box Usage:
------------------------------
# BELS                             : 3
#      INV                         : 2
#      LUT3                        : 1
# FlipFlops/Latches                : 1
#      FD                          : 1
# Clock Buffers                    : 1
#      BUFGP                       : 1
# IO Buffers                       : 6
#      IBUF                        : 4
#      OBUFT                       : 2

Device utilization summary:
---------------------------

Selected Device : xa7a100tcsg324-2i 


Slice Logic Utilization: 
 Number of Slice Registers:               1  out of  126800     0%  
 Number of Slice LUTs:                    3  out of  63400     0%  
    Number used as Logic:                 3  out of  63400     0%  

Slice Logic Distribution: 
 Number of LUT Flip Flop pairs used:      4
   Number with an unused Flip Flop:       3  out of      4    75%  
   Number with an unused LUT:             1  out of      4    25%  
   Number of fully used LUT-FF pairs:     0  out of      4     0%  
   Number of unique control sets:         1

IO Utilization: 
 Number of IOs:                          16
 Number of bonded IOBs:                   7  out of    210     3%  

Specific Feature Utilization:
 Number of BUFG/BUFGCTRLs:                1  out of     32     3%  

---------------------------
Partition Resource Summary:
---------------------------

  No Partitions were found in this design.

---------------------------


=========================================================================
Timing Report

NOTE: THESE TIMING NUMBERS ARE ONLY A SYNTHESIS ESTIMATE.
      FOR ACCURATE TIMING INFORMATION PLEASE REFER TO THE TRACE REPORT
      GENERATED AFTER PLACE-and-ROUTE.

Clock Information:
------------------
-----------------------------------+------------------------+-------+
Clock Signal                       | Clock buffer(FF name)  | Load  |
-----------------------------------+------------------------+-------+
Clock                              | BUFGP                  | 1     |
-----------------------------------+------------------------+-------+

Asynchronous Control Signals Information:
----------------------------------------
No asynchronous control signals found in this design

Timing Summary:
---------------
Speed Grade: -2

   Minimum period: 0.833ns (Maximum Frequency: 1200.408MHz)
   Minimum input arrival time before clock: 0.677ns
   Maximum output required time after clock: 0.712ns
   Maximum combinational path delay: 0.792ns

Timing Details:
---------------
All values displayed in nanoseconds (ns)

=========================================================================
Timing constraint: Default period analysis for Clock 'Clock'
  Clock period: 0.833ns (frequency: 1200.408MHz)
  Total number of paths / destination ports: 1 / 1
-------------------------------------------------------------------------
Delay:               0.833ns (Levels of Logic = 1)
  Source:            G_RFC_i/G2_D_flipflop/Q (FF)
  Destination:       G_RFC_i/G2_D_flipflop/Q (FF)
  Source Clock:      Clock rising
  Destination Clock: Clock rising

  Data Path: G_RFC_i/G2_D_flipflop/Q to G_RFC_i/G2_D_flipflop/Q
                                Gate     Net
    Cell:in->out      fanout   Delay   Delay  Logical Name (Net Name)
    ----------------------------------------  ------------
     FD:C->Q               3   0.361   0.367  G_RFC_i/G2_D_flipflop/Q (G_RFC_i/G2_D_flipflop/Q)
     LUT3:I2->O            1   0.097   0.000  G_RFC_i/G1_two_mux/Gate4/f1 (G_RFC_i/mux_out)
     FD:D                      0.008          G_RFC_i/G2_D_flipflop/Q
    ----------------------------------------
    Total                      0.833ns (0.466ns logic, 0.367ns route)
                                       (55.9% logic, 44.1% route)

=========================================================================
Timing constraint: Default OFFSET IN BEFORE for Clock 'Clock'
  Total number of paths / destination ports: 2 / 1
-------------------------------------------------------------------------
Offset:              0.677ns (Levels of Logic = 2)
  Source:            WE (PAD)
  Destination:       G_RFC_i/G2_D_flipflop/Q (FF)
  Destination Clock: Clock rising

  Data Path: WE to G_RFC_i/G2_D_flipflop/Q
                                Gate     Net
    Cell:in->out      fanout   Delay   Delay  Logical Name (Net Name)
    ----------------------------------------  ------------
     IBUF:I->O             1   0.001   0.571  WE_IBUF (WE_IBUF)
     LUT3:I0->O            1   0.097   0.000  G_RFC_i/G1_two_mux/Gate4/f1 (G_RFC_i/mux_out)
     FD:D                      0.008          G_RFC_i/G2_D_flipflop/Q
    ----------------------------------------
    Total                      0.677ns (0.106ns logic, 0.571ns route)
                                       (15.7% logic, 84.3% route)

=========================================================================
Timing constraint: Default OFFSET OUT AFTER for Clock 'Clock'
  Total number of paths / destination ports: 2 / 2
-------------------------------------------------------------------------
Offset:              0.712ns (Levels of Logic = 1)
  Source:            G_RFC_i/G2_D_flipflop/Q (FF)
  Destination:       OA<3> (PAD)
  Source Clock:      Clock rising

  Data Path: G_RFC_i/G2_D_flipflop/Q to OA<3>
                                Gate     Net
    Cell:in->out      fanout   Delay   Delay  Logical Name (Net Name)
    ----------------------------------------  ------------
     FD:C->Q               3   0.361   0.351  G_RFC_i/G2_D_flipflop/Q (G_RFC_i/G2_D_flipflop/Q)
     OBUFT:I->O                0.000          OA_3_OBUFT (OA<3>)
    ----------------------------------------
    Total                      0.712ns (0.361ns logic, 0.351ns route)
                                       (50.7% logic, 49.3% route)

=========================================================================
Timing constraint: Default path analysis
  Total number of paths / destination ports: 2 / 2
-------------------------------------------------------------------------
Delay:               0.792ns (Levels of Logic = 3)
  Source:            REA (PAD)
  Destination:       OA<3> (PAD)

  Data Path: REA to OA<3>
                                Gate     Net
    Cell:in->out      fanout   Delay   Delay  Logical Name (Net Name)
    ----------------------------------------  ------------
     IBUF:I->O             1   0.001   0.339  REA_IBUF (REA_IBUF)
     INV:I->O              1   0.113   0.339  G_RFC_i/G3_tri_buff/enable_inv1_INV_0 (G_RFC_i/G3_tri_buff/enable_inv)
     OBUFT:T->O                0.000          OA_3_OBUFT (OA<3>)
    ----------------------------------------
    Total                      0.792ns (0.114ns logic, 0.678ns route)
                                       (14.4% logic, 85.6% route)

=========================================================================

Cross Clock Domains Report:
--------------------------

Clock to Setup on destination clock Clock
---------------+---------+---------+---------+---------+
               | Src:Rise| Src:Fall| Src:Rise| Src:Fall|
Source Clock   |Dest:Rise|Dest:Rise|Dest:Fall|Dest:Fall|
---------------+---------+---------+---------+---------+
Clock          |    0.833|         |         |         |
---------------+---------+---------+---------+---------+

=========================================================================


Total REAL time to Xst completion: 38.00 secs
Total CPU time to Xst completion: 37.51 secs
 
--> 

Total memory usage is 869916 kilobytes

Number of errors   :    0 (   0 filtered)
Number of warnings :    3 (   0 filtered)
Number of infos    :    1 (   0 filtered)

