Release 14.7 - xst P.20131013 (nt64)
Copyright (c) 1995-2013 Xilinx, Inc.  All rights reserved.
--> Parameter TMPDIR set to xst/projnav.tmp


Total REAL time to Xst completion: 1.00 secs
Total CPU time to Xst completion: 0.39 secs
 
--> Parameter xsthdpdir set to xst


Total REAL time to Xst completion: 1.00 secs
Total CPU time to Xst completion: 0.39 secs
 
--> Reading design: register_file_cell.prj

TABLE OF CONTENTS
  1) Synthesis Options Summary
  2) HDL Compilation
  3) Design Hierarchy Analysis
  4) HDL Analysis
  5) HDL Synthesis
     5.1) HDL Synthesis Report
  6) Advanced HDL Synthesis
     6.1) Advanced HDL Synthesis Report
  7) Low Level Synthesis
  8) Partition Report
  9) Final Report
	9.1) Device utilization summary
	9.2) Partition Resource Summary
	9.3) TIMING REPORT


=========================================================================
*                      Synthesis Options Summary                        *
=========================================================================
---- Source Parameters
Input File Name                    : "register_file_cell.prj"
Input Format                       : mixed
Ignore Synthesis Constraint File   : NO

---- Target Parameters
Output File Name                   : "register_file_cell"
Output Format                      : NGC
Target Device                      : xc3s500e-4-ft256

---- Source Options
Top Module Name                    : register_file_cell
Automatic FSM Extraction           : YES
FSM Encoding Algorithm             : Auto
Safe Implementation                : No
FSM Style                          : LUT
RAM Extraction                     : Yes
RAM Style                          : Auto
ROM Extraction                     : Yes
Mux Style                          : Auto
Decoder Extraction                 : YES
Priority Encoder Extraction        : Yes
Shift Register Extraction          : YES
Logical Shifter Extraction         : YES
XOR Collapsing                     : YES
ROM Style                          : Auto
Mux Extraction                     : Yes
Resource Sharing                   : YES
Asynchronous To Synchronous        : NO
Multiplier Style                   : Auto
Automatic Register Balancing       : No

---- Target Options
Add IO Buffers                     : YES
Global Maximum Fanout              : 100000
Add Generic Clock Buffer(BUFG)     : 24
Register Duplication               : YES
Slice Packing                      : YES
Optimize Instantiated Primitives   : NO
Use Clock Enable                   : Yes
Use Synchronous Set                : Yes
Use Synchronous Reset              : Yes
Pack IO Registers into IOBs        : Auto
Equivalent register Removal        : YES

---- General Options
Optimization Goal                  : Speed
Optimization Effort                : 1
Keep Hierarchy                     : No
Netlist Hierarchy                  : As_Optimized
RTL Output                         : Yes
Global Optimization                : AllClockNets
Read Cores                         : YES
Write Timing Constraints           : NO
Cross Clock Analysis               : NO
Hierarchy Separator                : /
Bus Delimiter                      : <>
Case Specifier                     : Maintain
Slice Utilization Ratio            : 100
BRAM Utilization Ratio             : 100
Verilog 2001                       : YES
Auto BRAM Packing                  : NO
Slice Utilization Ratio Delta      : 5

=========================================================================


=========================================================================
*                          HDL Compilation                              *
=========================================================================
WARNING:HDLParsers:3607 - Unit work/register_file_cell is now defined in a different file.  It was defined in "C:/Users/hs304/Desktop/Lab_5/Lab_5_prep/register_file_cell + n_bit_rfc_reg/register_file_cell.vhd", and is now defined in "C:/Users/Yasmin/Documents/GitHub/DSD_group_6/Lab_5/Lab_5_prep/register_file_cell + n_bit_rfc_reg/register_file_cell.vhd".
WARNING:HDLParsers:3607 - Unit work/register_file_cell/Behavioral is now defined in a different file.  It was defined in "C:/Users/hs304/Desktop/Lab_5/Lab_5_prep/register_file_cell + n_bit_rfc_reg/register_file_cell.vhd", and is now defined in "C:/Users/Yasmin/Documents/GitHub/DSD_group_6/Lab_5/Lab_5_prep/register_file_cell + n_bit_rfc_reg/register_file_cell.vhd".
WARNING:HDLParsers:3607 - Unit work/D_flipflop is now defined in a different file.  It was defined in "C:/Users/hs304/Desktop/Lab_5/Lab_5_prep/register_file_cell + n_bit_rfc_reg/D_flipflop.vhd", and is now defined in "C:/Users/Yasmin/Documents/GitHub/DSD_group_6/Lab_5/Lab_5_prep/register_file_cell + n_bit_rfc_reg/D_flipflop.vhd".
WARNING:HDLParsers:3607 - Unit work/D_flipflop/Behavioral is now defined in a different file.  It was defined in "C:/Users/hs304/Desktop/Lab_5/Lab_5_prep/register_file_cell + n_bit_rfc_reg/D_flipflop.vhd", and is now defined in "C:/Users/Yasmin/Documents/GitHub/DSD_group_6/Lab_5/Lab_5_prep/register_file_cell + n_bit_rfc_reg/D_flipflop.vhd".
WARNING:HDLParsers:3607 - Unit work/tri_buff is now defined in a different file.  It was defined in "C:/Users/hs304/Desktop/Lab_5/Lab_5_prep/register_file_cell + n_bit_rfc_reg/tri_buff.vhd", and is now defined in "C:/Users/Yasmin/Documents/GitHub/DSD_group_6/Lab_5/Lab_5_prep/register_file_cell + n_bit_rfc_reg/tri_buff.vhd".
WARNING:HDLParsers:3607 - Unit work/tri_buff/Behavioral is now defined in a different file.  It was defined in "C:/Users/hs304/Desktop/Lab_5/Lab_5_prep/register_file_cell + n_bit_rfc_reg/tri_buff.vhd", and is now defined in "C:/Users/Yasmin/Documents/GitHub/DSD_group_6/Lab_5/Lab_5_prep/register_file_cell + n_bit_rfc_reg/tri_buff.vhd".
WARNING:HDLParsers:3607 - Unit work/two_input_multiplexer is now defined in a different file.  It was defined in "C:/Users/hs304/Desktop/Lab_5/Lab_5_prep/register_file_cell + n_bit_rfc_reg/two_input_multiplexer.vhd", and is now defined in "C:/Users/Yasmin/Documents/GitHub/DSD_group_6/Lab_5/Lab_5_prep/register_file_cell + n_bit_rfc_reg/two_input_multiplexer.vhd".
WARNING:HDLParsers:3607 - Unit work/two_input_multiplexer/two_input_multiplexer_behavioral is now defined in a different file.  It was defined in "C:/Users/hs304/Desktop/Lab_5/Lab_5_prep/register_file_cell + n_bit_rfc_reg/two_input_multiplexer.vhd", and is now defined in "C:/Users/Yasmin/Documents/GitHub/DSD_group_6/Lab_5/Lab_5_prep/register_file_cell + n_bit_rfc_reg/two_input_multiplexer.vhd".
WARNING:HDLParsers:3607 - Unit work/and_gate is now defined in a different file.  It was defined in "C:/Users/hs304/Desktop/Lab_5/Lab_5_prep/register_file_cell + n_bit_rfc_reg/and_gate.vhd", and is now defined in "C:/Users/Yasmin/Documents/GitHub/DSD_group_6/Lab_5/Lab_5_prep/register_file_cell + n_bit_rfc_reg/and_gate.vhd".
WARNING:HDLParsers:3607 - Unit work/and_gate/and_gate_behavioral is now defined in a different file.  It was defined in "C:/Users/hs304/Desktop/Lab_5/Lab_5_prep/register_file_cell + n_bit_rfc_reg/and_gate.vhd", and is now defined in "C:/Users/Yasmin/Documents/GitHub/DSD_group_6/Lab_5/Lab_5_prep/register_file_cell + n_bit_rfc_reg/and_gate.vhd".
WARNING:HDLParsers:3607 - Unit work/not_gate is now defined in a different file.  It was defined in "C:/Users/hs304/Desktop/Lab_5/Lab_5_prep/register_file_cell + n_bit_rfc_reg/not_gate.vhd", and is now defined in "C:/Users/Yasmin/Documents/GitHub/DSD_group_6/Lab_5/Lab_5_prep/register_file_cell + n_bit_rfc_reg/not_gate.vhd".
WARNING:HDLParsers:3607 - Unit work/not_gate/Behavioral is now defined in a different file.  It was defined in "C:/Users/hs304/Desktop/Lab_5/Lab_5_prep/register_file_cell + n_bit_rfc_reg/not_gate.vhd", and is now defined in "C:/Users/Yasmin/Documents/GitHub/DSD_group_6/Lab_5/Lab_5_prep/register_file_cell + n_bit_rfc_reg/not_gate.vhd".
WARNING:HDLParsers:3607 - Unit work/or_gate is now defined in a different file.  It was defined in "C:/Users/hs304/Desktop/Lab_5/Lab_5_prep/register_file_cell + n_bit_rfc_reg/or_gate.vhd", and is now defined in "C:/Users/Yasmin/Documents/GitHub/DSD_group_6/Lab_5/Lab_5_prep/register_file_cell + n_bit_rfc_reg/or_gate.vhd".
WARNING:HDLParsers:3607 - Unit work/or_gate/or_gate_behaviour is now defined in a different file.  It was defined in "C:/Users/hs304/Desktop/Lab_5/Lab_5_prep/register_file_cell + n_bit_rfc_reg/or_gate.vhd", and is now defined in "C:/Users/Yasmin/Documents/GitHub/DSD_group_6/Lab_5/Lab_5_prep/register_file_cell + n_bit_rfc_reg/or_gate.vhd".
Compiling vhdl file "C:/Users/Yasmin/Documents/GitHub/DSD_group_6/Lab_5/Lab_5_prep/register_file_cell + n_bit_rfc_reg/not_gate.vhd" in Library work.
Architecture behavioral of Entity not_gate is up to date.
Compiling vhdl file "C:/Users/Yasmin/Documents/GitHub/DSD_group_6/Lab_5/Lab_5_prep/register_file_cell + n_bit_rfc_reg/and_gate.vhd" in Library work.
Architecture and_gate_behavioral of Entity and_gate is up to date.
Compiling vhdl file "C:/Users/Yasmin/Documents/GitHub/DSD_group_6/Lab_5/Lab_5_prep/register_file_cell + n_bit_rfc_reg/or_gate.vhd" in Library work.
Architecture or_gate_behaviour of Entity or_gate is up to date.
Compiling vhdl file "C:/Users/Yasmin/Documents/GitHub/DSD_group_6/Lab_5/Lab_5_prep/register_file_cell + n_bit_rfc_reg/two_input_multiplexer.vhd" in Library work.
Architecture two_input_multiplexer_behavioral of Entity two_input_multiplexer is up to date.
Compiling vhdl file "C:/Users/Yasmin/Documents/GitHub/DSD_group_6/Lab_5/Lab_5_prep/register_file_cell + n_bit_rfc_reg/D_flipflop.vhd" in Library work.
Architecture behavioral of Entity d_flipflop is up to date.
Compiling vhdl file "C:/Users/Yasmin/Documents/GitHub/DSD_group_6/Lab_5/Lab_5_prep/register_file_cell + n_bit_rfc_reg/tri_buff.vhd" in Library work.
Architecture behavioral of Entity tri_buff is up to date.
Compiling vhdl file "C:/Users/Yasmin/Documents/GitHub/DSD_group_6/Lab_5/Lab_5_prep/register_file_cell + n_bit_rfc_reg/register_file_cell.vhd" in Library work.
Architecture behavioral of Entity register_file_cell is up to date.

=========================================================================
*                     Design Hierarchy Analysis                         *
=========================================================================
Analyzing hierarchy for entity <register_file_cell> in library <work> (architecture <behavioral>).

Analyzing hierarchy for entity <two_input_multiplexer> in library <work> (architecture <two_input_multiplexer_behavioral>).

Analyzing hierarchy for entity <D_flipflop> in library <work> (architecture <behavioral>).

Analyzing hierarchy for entity <tri_buff> in library <work> (architecture <behavioral>).

Analyzing hierarchy for entity <not_gate> in library <work> (architecture <behavioral>).

Analyzing hierarchy for entity <and_gate> in library <work> (architecture <and_gate_behavioral>).

Analyzing hierarchy for entity <or_gate> in library <work> (architecture <or_gate_behaviour>).


=========================================================================
*                            HDL Analysis                               *
=========================================================================
Analyzing Entity <register_file_cell> in library <work> (Architecture <behavioral>).
Entity <register_file_cell> analyzed. Unit <register_file_cell> generated.

Analyzing Entity <two_input_multiplexer> in library <work> (Architecture <two_input_multiplexer_behavioral>).
Entity <two_input_multiplexer> analyzed. Unit <two_input_multiplexer> generated.

Analyzing Entity <not_gate> in library <work> (Architecture <behavioral>).
Entity <not_gate> analyzed. Unit <not_gate> generated.

Analyzing Entity <and_gate> in library <work> (Architecture <and_gate_behavioral>).
Entity <and_gate> analyzed. Unit <and_gate> generated.

Analyzing Entity <or_gate> in library <work> (Architecture <or_gate_behaviour>).
Entity <or_gate> analyzed. Unit <or_gate> generated.

Analyzing Entity <D_flipflop> in library <work> (Architecture <behavioral>).
Entity <D_flipflop> analyzed. Unit <D_flipflop> generated.

Analyzing Entity <tri_buff> in library <work> (Architecture <behavioral>).
Entity <tri_buff> analyzed. Unit <tri_buff> generated.


=========================================================================
*                           HDL Synthesis                               *
=========================================================================

Performing bidirectional port resolution...

Synthesizing Unit <D_flipflop>.
    Related source file is "C:/Users/Yasmin/Documents/GitHub/DSD_group_6/Lab_5/Lab_5_prep/register_file_cell + n_bit_rfc_reg/D_flipflop.vhd".
    Found 1-bit register for signal <Q>.
    Found 1-bit register for signal <Q_bar>.
    Summary:
	inferred   2 D-type flip-flop(s).
Unit <D_flipflop> synthesized.


Synthesizing Unit <tri_buff>.
    Related source file is "C:/Users/Yasmin/Documents/GitHub/DSD_group_6/Lab_5/Lab_5_prep/register_file_cell + n_bit_rfc_reg/tri_buff.vhd".
    Found 1-bit tristate buffer for signal <Output>.
    Summary:
	inferred   1 Tristate(s).
Unit <tri_buff> synthesized.


Synthesizing Unit <not_gate>.
    Related source file is "C:/Users/Yasmin/Documents/GitHub/DSD_group_6/Lab_5/Lab_5_prep/register_file_cell + n_bit_rfc_reg/not_gate.vhd".
Unit <not_gate> synthesized.


Synthesizing Unit <and_gate>.
    Related source file is "C:/Users/Yasmin/Documents/GitHub/DSD_group_6/Lab_5/Lab_5_prep/register_file_cell + n_bit_rfc_reg/and_gate.vhd".
Unit <and_gate> synthesized.


Synthesizing Unit <or_gate>.
    Related source file is "C:/Users/Yasmin/Documents/GitHub/DSD_group_6/Lab_5/Lab_5_prep/register_file_cell + n_bit_rfc_reg/or_gate.vhd".
Unit <or_gate> synthesized.


Synthesizing Unit <two_input_multiplexer>.
    Related source file is "C:/Users/Yasmin/Documents/GitHub/DSD_group_6/Lab_5/Lab_5_prep/register_file_cell + n_bit_rfc_reg/two_input_multiplexer.vhd".
Unit <two_input_multiplexer> synthesized.


Synthesizing Unit <register_file_cell>.
    Related source file is "C:/Users/Yasmin/Documents/GitHub/DSD_group_6/Lab_5/Lab_5_prep/register_file_cell + n_bit_rfc_reg/register_file_cell.vhd".
WARNING:Xst:646 - Signal <dummy> is assigned but never used. This unconnected signal will be trimmed during the optimization process.
Unit <register_file_cell> synthesized.


=========================================================================
HDL Synthesis Report

Macro Statistics
# Registers                                            : 2
 1-bit register                                        : 2
# Tristates                                            : 2
 1-bit tristate buffer                                 : 2

=========================================================================

=========================================================================
*                       Advanced HDL Synthesis                          *
=========================================================================


=========================================================================
Advanced HDL Synthesis Report

Macro Statistics
# Registers                                            : 2
 Flip-Flops                                            : 2

=========================================================================

=========================================================================
*                         Low Level Synthesis                           *
=========================================================================
WARNING:Xst:2677 - Node <G2_D_flipflop/Q_bar> of sequential type is unconnected in block <register_file_cell>.

Optimizing unit <register_file_cell> ...

Mapping all equations...
Building and optimizing final netlist ...
Found area constraint ratio of 100 (+ 5) on block register_file_cell, actual ratio is 0.
FlipFlop G2_D_flipflop/Q has been replicated 1 time(s) to handle iob=true attribute.

Final Macro Processing ...

=========================================================================
Final Register Report

Macro Statistics
# Registers                                            : 2
 Flip-Flops                                            : 2

=========================================================================

=========================================================================
*                           Partition Report                            *
=========================================================================

Partition Implementation Status
-------------------------------

  No Partitions were found in this design.

-------------------------------

=========================================================================
*                            Final Report                               *
=========================================================================
Final Results
RTL Top Level Output File Name     : register_file_cell.ngr
Top Level Output File Name         : register_file_cell
Output Format                      : NGC
Optimization Goal                  : Speed
Keep Hierarchy                     : No

Design Statistics
# IOs                              : 7

Cell Usage :
# BELS                             : 2
#      INV                         : 2
# FlipFlops/Latches                : 2
#      FDE                         : 2
# Clock Buffers                    : 1
#      BUFGP                       : 1
# IO Buffers                       : 6
#      IBUF                        : 4
#      OBUFT                       : 2
=========================================================================

Device utilization summary:
---------------------------

Selected Device : 3s500eft256-4 

 Number of Slices:                        1  out of   4656     0%  
 Number of 4 input LUTs:                  2  out of   9312     0%  
 Number of IOs:                           7
 Number of bonded IOBs:                   7  out of    190     3%  
    IOB Flip Flops:                       2
 Number of GCLKs:                         1  out of     24     4%  

---------------------------
Partition Resource Summary:
---------------------------

  No Partitions were found in this design.

---------------------------


=========================================================================
TIMING REPORT

NOTE: THESE TIMING NUMBERS ARE ONLY A SYNTHESIS ESTIMATE.
      FOR ACCURATE TIMING INFORMATION PLEASE REFER TO THE TRACE REPORT
      GENERATED AFTER PLACE-and-ROUTE.

Clock Information:
------------------
-----------------------------------+------------------------+-------+
Clock Signal                       | Clock buffer(FF name)  | Load  |
-----------------------------------+------------------------+-------+
Clock                              | BUFGP                  | 2     |
-----------------------------------+------------------------+-------+

Asynchronous Control Signals Information:
----------------------------------------
No asynchronous control signals found in this design

Timing Summary:
---------------
Speed Grade: -4

   Minimum period: No path found
   Minimum input arrival time before clock: 2.220ns
   Maximum output required time after clock: 4.283ns
   Maximum combinational path delay: 6.034ns

Timing Detail:
--------------
All values displayed in nanoseconds (ns)

=========================================================================
Timing constraint: Default OFFSET IN BEFORE for Clock 'Clock'
  Total number of paths / destination ports: 4 / 4
-------------------------------------------------------------------------
Offset:              2.220ns (Levels of Logic = 1)
  Source:            WE (PAD)
  Destination:       G2_D_flipflop/Q (FF)
  Destination Clock: Clock rising

  Data Path: WE to G2_D_flipflop/Q
                                Gate     Net
    Cell:in->out      fanout   Delay   Delay  Logical Name (Net Name)
    ----------------------------------------  ------------
     IBUF:I->O             2   1.218   0.447  WE_IBUF (WE_IBUF)
     FDE:CE                    0.555          G2_D_flipflop/Q
    ----------------------------------------
    Total                      2.220ns (1.773ns logic, 0.447ns route)
                                       (79.9% logic, 20.1% route)

=========================================================================
Timing constraint: Default OFFSET OUT AFTER for Clock 'Clock'
  Total number of paths / destination ports: 2 / 2
-------------------------------------------------------------------------
Offset:              4.283ns (Levels of Logic = 1)
  Source:            G2_D_flipflop/Q_1 (FF)
  Destination:       OA (PAD)
  Source Clock:      Clock rising

  Data Path: G2_D_flipflop/Q_1 to OA
                                Gate     Net
    Cell:in->out      fanout   Delay   Delay  Logical Name (Net Name)
    ----------------------------------------  ------------
     FDE:C->Q              1   0.591   0.420  G2_D_flipflop/Q_1 (G2_D_flipflop/Q_1)
     OBUFT:I->O                3.272          OA_OBUFT (OA)
    ----------------------------------------
    Total                      4.283ns (3.863ns logic, 0.420ns route)
                                       (90.2% logic, 9.8% route)

=========================================================================
Timing constraint: Default path analysis
  Total number of paths / destination ports: 2 / 2
-------------------------------------------------------------------------
Delay:               6.034ns (Levels of Logic = 3)
  Source:            REA (PAD)
  Destination:       OA (PAD)

  Data Path: REA to OA
                                Gate     Net
    Cell:in->out      fanout   Delay   Delay  Logical Name (Net Name)
    ----------------------------------------  ------------
     IBUF:I->O             1   1.218   0.420  REA_IBUF (REA_IBUF)
     INV:I->O              1   0.704   0.420  G3_tri_buff/enable_inv1_INV_0 (G3_tri_buff/enable_inv)
     OBUFT:T->O                3.272          OA_OBUFT (OA)
    ----------------------------------------
    Total                      6.034ns (5.194ns logic, 0.840ns route)
                                       (86.1% logic, 13.9% route)

=========================================================================


Total REAL time to Xst completion: 8.00 secs
Total CPU time to Xst completion: 7.63 secs
 
--> 

Total memory usage is 306380 kilobytes

Number of errors   :    0 (   0 filtered)
Number of warnings :   16 (   0 filtered)
Number of infos    :    0 (   0 filtered)

