Release 14.7 - xst P.20131013 (nt64)
Copyright (c) 1995-2013 Xilinx, Inc.  All rights reserved.
--> Parameter TMPDIR set to xst/projnav.tmp


Total REAL time to Xst completion: 0.00 secs
Total CPU time to Xst completion: 0.09 secs
 
--> Parameter xsthdpdir set to xst


Total REAL time to Xst completion: 0.00 secs
Total CPU time to Xst completion: 0.09 secs
 
--> Reading design: n_bit_register.prj

TABLE OF CONTENTS
  1) Synthesis Options Summary
  2) HDL Parsing
  3) HDL Elaboration
  4) HDL Synthesis
       4.1) HDL Synthesis Report
  5) Advanced HDL Synthesis
       5.1) Advanced HDL Synthesis Report
  6) Low Level Synthesis
  7) Partition Report
  8) Design Summary
       8.1) Primitive and Black Box Usage
       8.2) Device utilization summary
       8.3) Partition Resource Summary
       8.4) Timing Report
            8.4.1) Clock Information
            8.4.2) Asynchronous Control Signals Information
            8.4.3) Timing Summary
            8.4.4) Timing Details
            8.4.5) Cross Clock Domains Report


=========================================================================
*                      Synthesis Options Summary                        *
=========================================================================
---- Source Parameters
Input File Name                    : "n_bit_register.prj"
Ignore Synthesis Constraint File   : NO

---- Target Parameters
Output File Name                   : "n_bit_register"
Output Format                      : NGC
Target Device                      : xa7a100t-2I-csg324

---- Source Options
Top Module Name                    : n_bit_register
Automatic FSM Extraction           : YES
FSM Encoding Algorithm             : Auto
Safe Implementation                : No
FSM Style                          : LUT
RAM Extraction                     : Yes
RAM Style                          : Auto
ROM Extraction                     : Yes
Shift Register Extraction          : YES
ROM Style                          : Auto
Resource Sharing                   : YES
Asynchronous To Synchronous        : NO
Shift Register Minimum Size        : 2
Use DSP Block                      : Auto
Automatic Register Balancing       : No

---- Target Options
LUT Combining                      : Auto
Reduce Control Sets                : Auto
Add IO Buffers                     : YES
Global Maximum Fanout              : 100000
Add Generic Clock Buffer(BUFG)     : 32
Register Duplication               : YES
Optimize Instantiated Primitives   : NO
Use Clock Enable                   : Auto
Use Synchronous Set                : Auto
Use Synchronous Reset              : Auto
Pack IO Registers into IOBs        : Auto
Equivalent register Removal        : YES

---- General Options
Optimization Goal                  : Speed
Optimization Effort                : 1
Power Reduction                    : NO
Keep Hierarchy                     : No
Netlist Hierarchy                  : As_Optimized
RTL Output                         : Yes
Global Optimization                : AllClockNets
Read Cores                         : YES
Write Timing Constraints           : NO
Cross Clock Analysis               : NO
Hierarchy Separator                : /
Bus Delimiter                      : <>
Case Specifier                     : Maintain
Slice Utilization Ratio            : 100
BRAM Utilization Ratio             : 100
DSP48 Utilization Ratio            : 100
Auto BRAM Packing                  : NO
Slice Utilization Ratio Delta      : 5

=========================================================================


=========================================================================
*                          HDL Parsing                                  *
=========================================================================
Parsing VHDL file "C:\Users\Yasmin\Documents\GitHub\DSD_group_6\Lab_4\Lab_4\D_flipflop.vhd" into library work
Parsing entity <D_flipflop>.
Parsing architecture <Behavioral> of entity <d_flipflop>.
Parsing VHDL file "C:\Users\Yasmin\Documents\GitHub\DSD_group_6\Lab_4\Lab_4\n_bit_register.vhd" into library work
Parsing entity <n_bit_register>.
Parsing architecture <Behavioral> of entity <n_bit_register>.

=========================================================================
*                            HDL Elaboration                            *
=========================================================================

Elaborating entity <n_bit_register> (architecture <Behavioral>) with generics from library <work>.

Elaborating entity <D_flipflop> (architecture <Behavioral>) from library <work>.

=========================================================================
*                           HDL Synthesis                               *
=========================================================================

Synthesizing Unit <n_bit_register>.
    Related source file is "C:\Users\Yasmin\Documents\GitHub\DSD_group_6\Lab_4\Lab_4\n_bit_register.vhd".
        n = 4
    Summary:
	no macro.
Unit <n_bit_register> synthesized.

Synthesizing Unit <D_flipflop>.
    Related source file is "C:\Users\Yasmin\Documents\GitHub\DSD_group_6\Lab_4\Lab_4\D_flipflop.vhd".
    Found 1-bit register for signal <Q>.
    Found 1-bit register for signal <Q_bar>.
    Summary:
	inferred   2 D-type flip-flop(s).
Unit <D_flipflop> synthesized.

=========================================================================
HDL Synthesis Report

Macro Statistics
# Registers                                            : 8
 1-bit register                                        : 8

=========================================================================

=========================================================================
*                       Advanced HDL Synthesis                          *
=========================================================================

WARNING:Xst - The specified part-type was not generated at build time. XST is loading the full part-type and will therefore consume more CPU and memory.
Loading device for application Rf_Device from file '7a100t.nph' in environment C:\Xilinx\14.7\ISE_DS\ISE\.
Loading device for application Rf_Device from file '7a100t.nph' in environment C:\Xilinx\14.7\ISE_DS\ISE\.

=========================================================================
Advanced HDL Synthesis Report

Macro Statistics
# Registers                                            : 8
 Flip-Flops                                            : 8

=========================================================================

=========================================================================
*                         Low Level Synthesis                           *
=========================================================================
WARNING:Xst:3001 - This design contains one or more registers or latches with an active
   asynchronous set and asynchronous reset. While this circuit can be built,
   it creates a sub-optimal implementation in terms of area, power and
   performance. For a more optimal implementation Xilinx highly recommends
   one of the following:

          1) Remove either the set or reset from all registers and latches if
             not needed for required functionality
          2) Modify the code in order to produce a synchronous set
             and/or reset (both is preferred)
          3) Use the -async_to_sync option to transform the asynchronous
             set/reset to synchronous operation
             (timing simulation highly recommended when using this option)

  Please refer to http://www.xilinx.com search string "Automotive Artix7 asynchronous set/reset" for more details.

  List of register instances with asynchronous set and reset:
    inst[3].D_flipflop_i/Q in unit <n_bit_register>
    inst[3].D_flipflop_i/Q_bar in unit <n_bit_register>
    inst[2].D_flipflop_i/Q in unit <n_bit_register>
    inst[2].D_flipflop_i/Q_bar in unit <n_bit_register>
    inst[1].D_flipflop_i/Q in unit <n_bit_register>
    inst[1].D_flipflop_i/Q_bar in unit <n_bit_register>
    inst[0].D_flipflop_i/Q in unit <n_bit_register>
    inst[0].D_flipflop_i/Q_bar in unit <n_bit_register>


Optimizing unit <n_bit_register> ...

Mapping all equations...
Building and optimizing final netlist ...
Found area constraint ratio of 100 (+ 5) on block n_bit_register, actual ratio is 0.

Final Macro Processing ...

=========================================================================
Final Register Report

Macro Statistics
# Registers                                            : 16
 Flip-Flops                                            : 16

=========================================================================

=========================================================================
*                           Partition Report                            *
=========================================================================

Partition Implementation Status
-------------------------------

  No Partitions were found in this design.

-------------------------------

=========================================================================
*                            Design Summary                             *
=========================================================================

Top Level Output File Name         : n_bit_register.ngc

Primitive and Black Box Usage:
------------------------------
# BELS                             : 14
#      INV                         : 4
#      LUT2                        : 1
#      LUT3                        : 8
#      VCC                         : 1
# FlipFlops/Latches                : 18
#      FDC                         : 8
#      FDP                         : 8
#      LDC                         : 2
# Clock Buffers                    : 3
#      BUFG                        : 2
#      BUFGP                       : 1
# IO Buffers                       : 14
#      IBUF                        : 6
#      OBUF                        : 8

Device utilization summary:
---------------------------

Selected Device : xa7a100tcsg324-2i 


Slice Logic Utilization: 
 Number of Slice Registers:              18  out of  126800     0%  
 Number of Slice LUTs:                   13  out of  63400     0%  
    Number used as Logic:                13  out of  63400     0%  

Slice Logic Distribution: 
 Number of LUT Flip Flop pairs used:     19
   Number with an unused Flip Flop:       1  out of     19     5%  
   Number with an unused LUT:             6  out of     19    31%  
   Number of fully used LUT-FF pairs:    12  out of     19    63%  
   Number of unique control sets:         5

IO Utilization: 
 Number of IOs:                          15
 Number of bonded IOBs:                  15  out of    210     7%  

Specific Feature Utilization:
 Number of BUFG/BUFGCTRLs:                3  out of     32     9%  

---------------------------
Partition Resource Summary:
---------------------------

  No Partitions were found in this design.

---------------------------


=========================================================================
Timing Report

NOTE: THESE TIMING NUMBERS ARE ONLY A SYNTHESIS ESTIMATE.
      FOR ACCURATE TIMING INFORMATION PLEASE REFER TO THE TRACE REPORT
      GENERATED AFTER PLACE-and-ROUTE.

Clock Information:
------------------
-----------------------------------+------------------------+-------+
Clock Signal                       | Clock buffer(FF name)  | Load  |
-----------------------------------+------------------------+-------+
reset                              | IBUF+BUFG              | 1     |
clk                                | BUFGP                  | 16    |
preset                             | IBUF+BUFG              | 1     |
-----------------------------------+------------------------+-------+

Asynchronous Control Signals Information:
----------------------------------------
No asynchronous control signals found in this design

Timing Summary:
---------------
Speed Grade: -2

   Minimum period: No path found
   Minimum input arrival time before clock: 1.271ns
   Maximum output required time after clock: 1.496ns
   Maximum combinational path delay: No path found

Timing Details:
---------------
All values displayed in nanoseconds (ns)

=========================================================================
Timing constraint: Default OFFSET IN BEFORE for Clock 'reset'
  Total number of paths / destination ports: 2 / 1
-------------------------------------------------------------------------
Offset:              1.271ns (Levels of Logic = 2)
  Source:            preset (PAD)
  Destination:       inst[0].D_flipflop_i/Q_bar_LDC (LATCH)
  Destination Clock: reset falling

  Data Path: preset to inst[0].D_flipflop_i/Q_bar_LDC
                                Gate     Net
    Cell:in->out      fanout   Delay   Delay  Logical Name (Net Name)
    ----------------------------------------  ------------
     IBUF:I->O             5   0.001   0.462  preset_IBUF (preset_IBUF)
     LUT2:I0->O            5   0.097   0.362  inst[0].D_flipflop_i/preset_reset_AND_1_o1 (inst[0].D_flipflop_i/preset_reset_AND_1_o)
     LDC:CLR                   0.349          inst[0].D_flipflop_i/Q_bar_LDC
    ----------------------------------------
    Total                      1.271ns (0.447ns logic, 0.824ns route)
                                       (35.2% logic, 64.8% route)

=========================================================================
Timing constraint: Default OFFSET IN BEFORE for Clock 'clk'
  Total number of paths / destination ports: 36 / 32
-------------------------------------------------------------------------
Offset:              1.271ns (Levels of Logic = 2)
  Source:            preset (PAD)
  Destination:       inst[0].D_flipflop_i/Q_bar_C (FF)
  Destination Clock: clk rising

  Data Path: preset to inst[0].D_flipflop_i/Q_bar_C
                                Gate     Net
    Cell:in->out      fanout   Delay   Delay  Logical Name (Net Name)
    ----------------------------------------  ------------
     IBUF:I->O             5   0.001   0.462  preset_IBUF (preset_IBUF)
     LUT2:I0->O            5   0.097   0.362  inst[0].D_flipflop_i/preset_reset_AND_1_o1 (inst[0].D_flipflop_i/preset_reset_AND_1_o)
     FDC:CLR                   0.349          inst[0].D_flipflop_i/Q_bar_C
    ----------------------------------------
    Total                      1.271ns (0.447ns logic, 0.824ns route)
                                       (35.2% logic, 64.8% route)

=========================================================================
Timing constraint: Default OFFSET IN BEFORE for Clock 'preset'
  Total number of paths / destination ports: 1 / 1
-------------------------------------------------------------------------
Offset:              0.739ns (Levels of Logic = 1)
  Source:            reset (PAD)
  Destination:       inst[0].D_flipflop_i/Q_LDC (LATCH)
  Destination Clock: preset falling

  Data Path: reset to inst[0].D_flipflop_i/Q_LDC
                                Gate     Net
    Cell:in->out      fanout   Delay   Delay  Logical Name (Net Name)
    ----------------------------------------  ------------
     IBUF:I->O            10   0.001   0.389  reset_IBUF (reset_IBUF)
     LDC:CLR                   0.349          inst[0].D_flipflop_i/Q_LDC
    ----------------------------------------
    Total                      0.739ns (0.350ns logic, 0.389ns route)
                                       (47.3% logic, 52.7% route)

=========================================================================
Timing constraint: Default OFFSET OUT AFTER for Clock 'preset'
  Total number of paths / destination ports: 4 / 4
-------------------------------------------------------------------------
Offset:              1.496ns (Levels of Logic = 2)
  Source:            inst[0].D_flipflop_i/Q_LDC (LATCH)
  Destination:       Q_outputs<3> (PAD)
  Source Clock:      preset falling

  Data Path: inst[0].D_flipflop_i/Q_LDC to Q_outputs<3>
                                Gate     Net
    Cell:in->out      fanout   Delay   Delay  Logical Name (Net Name)
    ----------------------------------------  ------------
     LDC:G->Q              4   0.472   0.588  inst[0].D_flipflop_i/Q_LDC (inst[0].D_flipflop_i/Q_LDC)
     LUT3:I0->O            1   0.097   0.339  inst[0].D_flipflop_i/Q1 (inst[0].D_flipflop_i/Q)
     OBUF:I->O                 0.000          Q_outputs_0_OBUF (Q_outputs<0>)
    ----------------------------------------
    Total                      1.496ns (0.569ns logic, 0.927ns route)
                                       (38.0% logic, 62.0% route)

=========================================================================
Timing constraint: Default OFFSET OUT AFTER for Clock 'clk'
  Total number of paths / destination ports: 16 / 8
-------------------------------------------------------------------------
Offset:              1.236ns (Levels of Logic = 2)
  Source:            inst[3].D_flipflop_i/Q_P (FF)
  Destination:       Q_outputs<3> (PAD)
  Source Clock:      clk rising

  Data Path: inst[3].D_flipflop_i/Q_P to Q_outputs<3>
                                Gate     Net
    Cell:in->out      fanout   Delay   Delay  Logical Name (Net Name)
    ----------------------------------------  ------------
     FDP:C->Q              1   0.361   0.439  inst[3].D_flipflop_i/Q_P (inst[3].D_flipflop_i/Q_P)
     LUT3:I1->O            1   0.097   0.339  inst[3].D_flipflop_i/Q1 (inst[3].D_flipflop_i/Q)
     OBUF:I->O                 0.000          Q_outputs_3_OBUF (Q_outputs<3>)
    ----------------------------------------
    Total                      1.236ns (0.458ns logic, 0.778ns route)
                                       (37.0% logic, 63.0% route)

=========================================================================
Timing constraint: Default OFFSET OUT AFTER for Clock 'reset'
  Total number of paths / destination ports: 4 / 4
-------------------------------------------------------------------------
Offset:              1.496ns (Levels of Logic = 2)
  Source:            inst[0].D_flipflop_i/Q_bar_LDC (LATCH)
  Destination:       Q_bar_outputs<3> (PAD)
  Source Clock:      reset falling

  Data Path: inst[0].D_flipflop_i/Q_bar_LDC to Q_bar_outputs<3>
                                Gate     Net
    Cell:in->out      fanout   Delay   Delay  Logical Name (Net Name)
    ----------------------------------------  ------------
     LDC:G->Q              4   0.472   0.588  inst[0].D_flipflop_i/Q_bar_LDC (inst[0].D_flipflop_i/Q_bar_LDC)
     LUT3:I0->O            1   0.097   0.339  inst[0].D_flipflop_i/Q_bar1 (inst[0].D_flipflop_i/Q_bar)
     OBUF:I->O                 0.000          Q_bar_outputs_0_OBUF (Q_bar_outputs<0>)
    ----------------------------------------
    Total                      1.496ns (0.569ns logic, 0.927ns route)
                                       (38.0% logic, 62.0% route)

=========================================================================

Cross Clock Domains Report:
--------------------------

=========================================================================


Total REAL time to Xst completion: 36.00 secs
Total CPU time to Xst completion: 35.14 secs
 
--> 

Total memory usage is 870584 kilobytes

Number of errors   :    0 (   0 filtered)
Number of warnings :    2 (   0 filtered)
Number of infos    :    0 (   0 filtered)

