Running: C:\Xilinx\14.7\ISE_DS\ISE\bin\nt64\unwrapped\fuse.exe -intstyle ise -incremental -o C:/Users/edsv3/Desktop/DSD/n-bit_ripple_counter/n_bit_ripple_counter_tb_isim_beh.exe -prj C:/Users/edsv3/Desktop/DSD/n-bit_ripple_counter/n_bit_ripple_counter_tb_beh.prj work.n_bit_ripple_counter_tb 
ISim P.20131013 (signature 0x7708f090)
Number of CPUs detected in this system: 8
Turning on mult-threading, number of parallel sub-compilation jobs: 16 
Determining compilation order of HDL files
Parsing VHDL file "C:/Users/edsv3/Desktop/DSD/n-bit_ripple_counter/T_flipflop.vhd" into library work
Parsing VHDL file "C:/Users/edsv3/Desktop/DSD/n-bit_ripple_counter/n-bit_ripple_counter.vhd" into library work
Parsing VHDL file "C:/Users/edsv3/Desktop/DSD/n-bit_ripple_counter/n_bit_ripple_counter_tb.vhd" into library work
Starting static elaboration
Completed static elaboration
Compiling package standard
Compiling package std_logic_1164
Compiling package std_logic_arith
Compiling package std_logic_unsigned
Compiling architecture behavioral of entity T_flipflop [t_flipflop_default]
Compiling architecture behavioral of entity n_bit_ripple_counter [\n_bit_ripple_counter(8)\]
Compiling architecture behavior of entity n_bit_ripple_counter_tb
Time Resolution for simulation is 1ps.
WARNING:Simulator - Unable to copy libPortabilityNOSH.dll to the simulation executable directory: boost::filesystem::copy_file: The system cannot find the path specified, "isim\n_bit_ripple_counter_tb_isim_beh.exe.sim\libPortability.dll".
Compiled 9 VHDL Units
Built simulation executable C:/Users/edsv3/Desktop/DSD/n-bit_ripple_counter/n_bit_ripple_counter_tb_isim_beh.exe
Fuse Memory Usage: 33516 KB
Fuse CPU Usage: 358 ms
