Release 14.7 - xst P.20131013 (nt64)
Copyright (c) 1995-2013 Xilinx, Inc.  All rights reserved.
--> Parameter TMPDIR set to xst/projnav.tmp


Total REAL time to Xst completion: 0.00 secs
Total CPU time to Xst completion: 0.09 secs
 
--> Parameter xsthdpdir set to xst


Total REAL time to Xst completion: 0.00 secs
Total CPU time to Xst completion: 0.09 secs
 
--> Reading design: n_bit_ripple_counter.prj

TABLE OF CONTENTS
  1) Synthesis Options Summary
  2) HDL Compilation
  3) Design Hierarchy Analysis
  4) HDL Analysis
  5) HDL Synthesis
     5.1) HDL Synthesis Report
  6) Advanced HDL Synthesis
     6.1) Advanced HDL Synthesis Report
  7) Low Level Synthesis
  8) Partition Report
  9) Final Report
	9.1) Device utilization summary
	9.2) Partition Resource Summary
	9.3) TIMING REPORT


=========================================================================
*                      Synthesis Options Summary                        *
=========================================================================
---- Source Parameters
Input File Name                    : "n_bit_ripple_counter.prj"
Input Format                       : mixed
Ignore Synthesis Constraint File   : NO

---- Target Parameters
Output File Name                   : "n_bit_ripple_counter"
Output Format                      : NGC
Target Device                      : xc3s500e-4-ft256

---- Source Options
Top Module Name                    : n_bit_ripple_counter
Automatic FSM Extraction           : YES
FSM Encoding Algorithm             : Auto
Safe Implementation                : No
FSM Style                          : LUT
RAM Extraction                     : Yes
RAM Style                          : Auto
ROM Extraction                     : Yes
Mux Style                          : Auto
Decoder Extraction                 : YES
Priority Encoder Extraction        : Yes
Shift Register Extraction          : YES
Logical Shifter Extraction         : YES
XOR Collapsing                     : YES
ROM Style                          : Auto
Mux Extraction                     : Yes
Resource Sharing                   : YES
Asynchronous To Synchronous        : NO
Multiplier Style                   : Auto
Automatic Register Balancing       : No

---- Target Options
Add IO Buffers                     : YES
Global Maximum Fanout              : 500
Add Generic Clock Buffer(BUFG)     : 24
Register Duplication               : YES
Slice Packing                      : YES
Optimize Instantiated Primitives   : NO
Use Clock Enable                   : Yes
Use Synchronous Set                : Yes
Use Synchronous Reset              : Yes
Pack IO Registers into IOBs        : Auto
Equivalent register Removal        : YES

---- General Options
Optimization Goal                  : Speed
Optimization Effort                : 1
Keep Hierarchy                     : No
Netlist Hierarchy                  : As_Optimized
RTL Output                         : Yes
Global Optimization                : AllClockNets
Read Cores                         : YES
Write Timing Constraints           : NO
Cross Clock Analysis               : NO
Hierarchy Separator                : /
Bus Delimiter                      : <>
Case Specifier                     : Maintain
Slice Utilization Ratio            : 100
BRAM Utilization Ratio             : 100
Verilog 2001                       : YES
Auto BRAM Packing                  : NO
Slice Utilization Ratio Delta      : 5

=========================================================================


=========================================================================
*                          HDL Compilation                              *
=========================================================================
Compiling vhdl file "C:/Users/edsv3/Desktop/DSD/n-bit_ripple_counter/T_flipflop.vhd" in Library work.
Architecture behavioral of Entity t_flipflop is up to date.
Compiling vhdl file "C:/Users/edsv3/Desktop/DSD/n-bit_ripple_counter/n-bit_ripple_counter.vhd" in Library work.
Entity <n_bit_ripple_counter> compiled.
Entity <n_bit_ripple_counter> (Architecture <behavioral>) compiled.

=========================================================================
*                     Design Hierarchy Analysis                         *
=========================================================================
Analyzing hierarchy for entity <n_bit_ripple_counter> in library <work> (architecture <behavioral>) with generics.
	n = 8

Analyzing hierarchy for entity <T_flipflop> in library <work> (architecture <behavioral>).


=========================================================================
*                            HDL Analysis                               *
=========================================================================
Analyzing generic Entity <n_bit_ripple_counter> in library <work> (Architecture <behavioral>).
	n = 8
Entity <n_bit_ripple_counter> analyzed. Unit <n_bit_ripple_counter> generated.

Analyzing Entity <T_flipflop> in library <work> (Architecture <behavioral>).
Entity <T_flipflop> analyzed. Unit <T_flipflop> generated.


=========================================================================
*                           HDL Synthesis                               *
=========================================================================

Performing bidirectional port resolution...

Synthesizing Unit <T_flipflop>.
    Related source file is "C:/Users/edsv3/Desktop/DSD/n-bit_ripple_counter/T_flipflop.vhd".
    Found 1-bit register for signal <Q>.
    Found 1-bit register for signal <Q_bar>.
    Summary:
	inferred   2 D-type flip-flop(s).
Unit <T_flipflop> synthesized.


Synthesizing Unit <n_bit_ripple_counter>.
    Related source file is "C:/Users/edsv3/Desktop/DSD/n-bit_ripple_counter/n-bit_ripple_counter.vhd".
Unit <n_bit_ripple_counter> synthesized.


=========================================================================
HDL Synthesis Report

Macro Statistics
# Registers                                            : 16
 1-bit register                                        : 16

=========================================================================

=========================================================================
*                       Advanced HDL Synthesis                          *
=========================================================================


=========================================================================
Advanced HDL Synthesis Report

Macro Statistics
# Registers                                            : 16
 Flip-Flops                                            : 16

=========================================================================

=========================================================================
*                         Low Level Synthesis                           *
=========================================================================

Optimizing unit <n_bit_ripple_counter> ...

Mapping all equations...
Building and optimizing final netlist ...
Found area constraint ratio of 100 (+ 5) on block n_bit_ripple_counter, actual ratio is 0.

Final Macro Processing ...

=========================================================================
Final Register Report

Macro Statistics
# Registers                                            : 16
 Flip-Flops                                            : 16

=========================================================================

=========================================================================
*                           Partition Report                            *
=========================================================================

Partition Implementation Status
-------------------------------

  No Partitions were found in this design.

-------------------------------

=========================================================================
*                            Final Report                               *
=========================================================================
Final Results
RTL Top Level Output File Name     : n_bit_ripple_counter.ngr
Top Level Output File Name         : n_bit_ripple_counter
Output Format                      : NGC
Optimization Goal                  : Speed
Keep Hierarchy                     : No

Design Statistics
# IOs                              : 18

Cell Usage :
# BELS                             : 16
#      INV                         : 16
# FlipFlops/Latches                : 16
#      FDC                         : 8
#      FDP                         : 8
# Clock Buffers                    : 1
#      BUFGP                       : 1
# IO Buffers                       : 17
#      IBUF                        : 1
#      OBUF                        : 16
=========================================================================

Device utilization summary:
---------------------------

Selected Device : 3s500eft256-4 

 Number of Slices:                        9  out of   4656     0%  
 Number of Slice Flip Flops:             16  out of   9312     0%  
 Number of 4 input LUTs:                 16  out of   9312     0%  
 Number of IOs:                          18
 Number of bonded IOBs:                  18  out of    190     9%  
 Number of GCLKs:                         1  out of     24     4%  

---------------------------
Partition Resource Summary:
---------------------------

  No Partitions were found in this design.

---------------------------


=========================================================================
TIMING REPORT

NOTE: THESE TIMING NUMBERS ARE ONLY A SYNTHESIS ESTIMATE.
      FOR ACCURATE TIMING INFORMATION PLEASE REFER TO THE TRACE REPORT
      GENERATED AFTER PLACE-and-ROUTE.

Clock Information:
------------------
-----------------------------------+---------------------------------+-------+
Clock Signal                       | Clock buffer(FF name)           | Load  |
-----------------------------------+---------------------------------+-------+
inst[6].T_flipflop_i/Q_bar         | NONE(inst[7].T_flipflop_i/Q_bar)| 2     |
inst[5].T_flipflop_i/Q_bar         | NONE(inst[6].T_flipflop_i/Q_bar)| 2     |
inst[4].T_flipflop_i/Q_bar         | NONE(inst[5].T_flipflop_i/Q_bar)| 2     |
inst[3].T_flipflop_i/Q_bar         | NONE(inst[4].T_flipflop_i/Q_bar)| 2     |
inst[2].T_flipflop_i/Q_bar         | NONE(inst[3].T_flipflop_i/Q_bar)| 2     |
inst[1].T_flipflop_i/Q_bar         | NONE(inst[2].T_flipflop_i/Q_bar)| 2     |
inst[0].T_flipflop_i/Q_bar         | NONE(inst[1].T_flipflop_i/Q_bar)| 2     |
clk                                | BUFGP                           | 2     |
-----------------------------------+---------------------------------+-------+
INFO:Xst:2169 - HDL ADVISOR - Some clock signals were not automatically buffered by XST with BUFG/BUFR resources. Please use the buffer_type constraint in order to insert these buffers to the clock signals to help prevent skew problems.

Asynchronous Control Signals Information:
----------------------------------------
-----------------------------------+------------------------+-------+
Control Signal                     | Buffer(FF name)        | Load  |
-----------------------------------+------------------------+-------+
reset                              | IBUF                   | 16    |
-----------------------------------+------------------------+-------+

Timing Summary:
---------------
Speed Grade: -4

   Minimum period: 2.610ns (Maximum Frequency: 383.142MHz)
   Minimum input arrival time before clock: No path found
   Maximum output required time after clock: 4.450ns
   Maximum combinational path delay: No path found

Timing Detail:
--------------
All values displayed in nanoseconds (ns)

=========================================================================
Timing constraint: Default period analysis for Clock 'inst[6].T_flipflop_i/Q_bar'
  Clock period: 2.470ns (frequency: 404.858MHz)
  Total number of paths / destination ports: 2 / 2
-------------------------------------------------------------------------
Delay:               2.470ns (Levels of Logic = 1)
  Source:            inst[7].T_flipflop_i/Q_bar (FF)
  Destination:       inst[7].T_flipflop_i/Q_bar (FF)
  Source Clock:      inst[6].T_flipflop_i/Q_bar rising
  Destination Clock: inst[6].T_flipflop_i/Q_bar rising

  Data Path: inst[7].T_flipflop_i/Q_bar to inst[7].T_flipflop_i/Q_bar
                                Gate     Net
    Cell:in->out      fanout   Delay   Delay  Logical Name (Net Name)
    ----------------------------------------  ------------
     FDP:C->Q              2   0.591   0.447  inst[7].T_flipflop_i/Q_bar (inst[7].T_flipflop_i/Q_bar)
     INV:I->O              1   0.704   0.420  inst[7].T_flipflop_i/Q_bar_not00011_INV_0 (inst[7].T_flipflop_i/Q_bar_not0001)
     FDP:D                     0.308          inst[7].T_flipflop_i/Q_bar
    ----------------------------------------
    Total                      2.470ns (1.603ns logic, 0.867ns route)
                                       (64.9% logic, 35.1% route)

=========================================================================
Timing constraint: Default period analysis for Clock 'inst[5].T_flipflop_i/Q_bar'
  Clock period: 2.610ns (frequency: 383.142MHz)
  Total number of paths / destination ports: 2 / 2
-------------------------------------------------------------------------
Delay:               2.610ns (Levels of Logic = 1)
  Source:            inst[6].T_flipflop_i/Q_bar (FF)
  Destination:       inst[6].T_flipflop_i/Q_bar (FF)
  Source Clock:      inst[5].T_flipflop_i/Q_bar rising
  Destination Clock: inst[5].T_flipflop_i/Q_bar rising

  Data Path: inst[6].T_flipflop_i/Q_bar to inst[6].T_flipflop_i/Q_bar
                                Gate     Net
    Cell:in->out      fanout   Delay   Delay  Logical Name (Net Name)
    ----------------------------------------  ------------
     FDP:C->Q              4   0.591   0.587  inst[6].T_flipflop_i/Q_bar (inst[6].T_flipflop_i/Q_bar)
     INV:I->O              1   0.704   0.420  inst[6].T_flipflop_i/Q_bar_not00011_INV_0 (inst[6].T_flipflop_i/Q_bar_not0001)
     FDP:D                     0.308          inst[6].T_flipflop_i/Q_bar
    ----------------------------------------
    Total                      2.610ns (1.603ns logic, 1.007ns route)
                                       (61.4% logic, 38.6% route)

=========================================================================
Timing constraint: Default period analysis for Clock 'inst[4].T_flipflop_i/Q_bar'
  Clock period: 2.610ns (frequency: 383.142MHz)
  Total number of paths / destination ports: 2 / 2
-------------------------------------------------------------------------
Delay:               2.610ns (Levels of Logic = 1)
  Source:            inst[5].T_flipflop_i/Q_bar (FF)
  Destination:       inst[5].T_flipflop_i/Q_bar (FF)
  Source Clock:      inst[4].T_flipflop_i/Q_bar rising
  Destination Clock: inst[4].T_flipflop_i/Q_bar rising

  Data Path: inst[5].T_flipflop_i/Q_bar to inst[5].T_flipflop_i/Q_bar
                                Gate     Net
    Cell:in->out      fanout   Delay   Delay  Logical Name (Net Name)
    ----------------------------------------  ------------
     FDP:C->Q              4   0.591   0.587  inst[5].T_flipflop_i/Q_bar (inst[5].T_flipflop_i/Q_bar)
     INV:I->O              1   0.704   0.420  inst[5].T_flipflop_i/Q_bar_not00011_INV_0 (inst[5].T_flipflop_i/Q_bar_not0001)
     FDP:D                     0.308          inst[5].T_flipflop_i/Q_bar
    ----------------------------------------
    Total                      2.610ns (1.603ns logic, 1.007ns route)
                                       (61.4% logic, 38.6% route)

=========================================================================
Timing constraint: Default period analysis for Clock 'inst[3].T_flipflop_i/Q_bar'
  Clock period: 2.610ns (frequency: 383.142MHz)
  Total number of paths / destination ports: 2 / 2
-------------------------------------------------------------------------
Delay:               2.610ns (Levels of Logic = 1)
  Source:            inst[4].T_flipflop_i/Q_bar (FF)
  Destination:       inst[4].T_flipflop_i/Q_bar (FF)
  Source Clock:      inst[3].T_flipflop_i/Q_bar rising
  Destination Clock: inst[3].T_flipflop_i/Q_bar rising

  Data Path: inst[4].T_flipflop_i/Q_bar to inst[4].T_flipflop_i/Q_bar
                                Gate     Net
    Cell:in->out      fanout   Delay   Delay  Logical Name (Net Name)
    ----------------------------------------  ------------
     FDP:C->Q              4   0.591   0.587  inst[4].T_flipflop_i/Q_bar (inst[4].T_flipflop_i/Q_bar)
     INV:I->O              1   0.704   0.420  inst[4].T_flipflop_i/Q_bar_not00011_INV_0 (inst[4].T_flipflop_i/Q_bar_not0001)
     FDP:D                     0.308          inst[4].T_flipflop_i/Q_bar
    ----------------------------------------
    Total                      2.610ns (1.603ns logic, 1.007ns route)
                                       (61.4% logic, 38.6% route)

=========================================================================
Timing constraint: Default period analysis for Clock 'inst[2].T_flipflop_i/Q_bar'
  Clock period: 2.610ns (frequency: 383.142MHz)
  Total number of paths / destination ports: 2 / 2
-------------------------------------------------------------------------
Delay:               2.610ns (Levels of Logic = 1)
  Source:            inst[3].T_flipflop_i/Q_bar (FF)
  Destination:       inst[3].T_flipflop_i/Q_bar (FF)
  Source Clock:      inst[2].T_flipflop_i/Q_bar rising
  Destination Clock: inst[2].T_flipflop_i/Q_bar rising

  Data Path: inst[3].T_flipflop_i/Q_bar to inst[3].T_flipflop_i/Q_bar
                                Gate     Net
    Cell:in->out      fanout   Delay   Delay  Logical Name (Net Name)
    ----------------------------------------  ------------
     FDP:C->Q              4   0.591   0.587  inst[3].T_flipflop_i/Q_bar (inst[3].T_flipflop_i/Q_bar)
     INV:I->O              1   0.704   0.420  inst[3].T_flipflop_i/Q_bar_not00011_INV_0 (inst[3].T_flipflop_i/Q_bar_not0001)
     FDP:D                     0.308          inst[3].T_flipflop_i/Q_bar
    ----------------------------------------
    Total                      2.610ns (1.603ns logic, 1.007ns route)
                                       (61.4% logic, 38.6% route)

=========================================================================
Timing constraint: Default period analysis for Clock 'inst[1].T_flipflop_i/Q_bar'
  Clock period: 2.610ns (frequency: 383.142MHz)
  Total number of paths / destination ports: 2 / 2
-------------------------------------------------------------------------
Delay:               2.610ns (Levels of Logic = 1)
  Source:            inst[2].T_flipflop_i/Q_bar (FF)
  Destination:       inst[2].T_flipflop_i/Q_bar (FF)
  Source Clock:      inst[1].T_flipflop_i/Q_bar rising
  Destination Clock: inst[1].T_flipflop_i/Q_bar rising

  Data Path: inst[2].T_flipflop_i/Q_bar to inst[2].T_flipflop_i/Q_bar
                                Gate     Net
    Cell:in->out      fanout   Delay   Delay  Logical Name (Net Name)
    ----------------------------------------  ------------
     FDP:C->Q              4   0.591   0.587  inst[2].T_flipflop_i/Q_bar (inst[2].T_flipflop_i/Q_bar)
     INV:I->O              1   0.704   0.420  inst[2].T_flipflop_i/Q_bar_not00011_INV_0 (inst[2].T_flipflop_i/Q_bar_not0001)
     FDP:D                     0.308          inst[2].T_flipflop_i/Q_bar
    ----------------------------------------
    Total                      2.610ns (1.603ns logic, 1.007ns route)
                                       (61.4% logic, 38.6% route)

=========================================================================
Timing constraint: Default period analysis for Clock 'inst[0].T_flipflop_i/Q_bar'
  Clock period: 2.610ns (frequency: 383.142MHz)
  Total number of paths / destination ports: 2 / 2
-------------------------------------------------------------------------
Delay:               2.610ns (Levels of Logic = 1)
  Source:            inst[1].T_flipflop_i/Q_bar (FF)
  Destination:       inst[1].T_flipflop_i/Q_bar (FF)
  Source Clock:      inst[0].T_flipflop_i/Q_bar rising
  Destination Clock: inst[0].T_flipflop_i/Q_bar rising

  Data Path: inst[1].T_flipflop_i/Q_bar to inst[1].T_flipflop_i/Q_bar
                                Gate     Net
    Cell:in->out      fanout   Delay   Delay  Logical Name (Net Name)
    ----------------------------------------  ------------
     FDP:C->Q              4   0.591   0.587  inst[1].T_flipflop_i/Q_bar (inst[1].T_flipflop_i/Q_bar)
     INV:I->O              1   0.704   0.420  inst[1].T_flipflop_i/Q_bar_not00011_INV_0 (inst[1].T_flipflop_i/Q_bar_not0001)
     FDP:D                     0.308          inst[1].T_flipflop_i/Q_bar
    ----------------------------------------
    Total                      2.610ns (1.603ns logic, 1.007ns route)
                                       (61.4% logic, 38.6% route)

=========================================================================
Timing constraint: Default period analysis for Clock 'clk'
  Clock period: 2.610ns (frequency: 383.142MHz)
  Total number of paths / destination ports: 2 / 2
-------------------------------------------------------------------------
Delay:               2.610ns (Levels of Logic = 1)
  Source:            inst[0].T_flipflop_i/Q_bar (FF)
  Destination:       inst[0].T_flipflop_i/Q_bar (FF)
  Source Clock:      clk rising
  Destination Clock: clk rising

  Data Path: inst[0].T_flipflop_i/Q_bar to inst[0].T_flipflop_i/Q_bar
                                Gate     Net
    Cell:in->out      fanout   Delay   Delay  Logical Name (Net Name)
    ----------------------------------------  ------------
     FDP:C->Q              4   0.591   0.587  inst[0].T_flipflop_i/Q_bar (inst[0].T_flipflop_i/Q_bar)
     INV:I->O              1   0.704   0.420  inst[0].T_flipflop_i/Q_bar_not00011_INV_0 (inst[0].T_flipflop_i/Q_bar_not0001)
     FDP:D                     0.308          inst[0].T_flipflop_i/Q_bar
    ----------------------------------------
    Total                      2.610ns (1.603ns logic, 1.007ns route)
                                       (61.4% logic, 38.6% route)

=========================================================================
Timing constraint: Default OFFSET OUT AFTER for Clock 'inst[6].T_flipflop_i/Q_bar'
  Total number of paths / destination ports: 2 / 2
-------------------------------------------------------------------------
Offset:              4.310ns (Levels of Logic = 1)
  Source:            inst[7].T_flipflop_i/Q_bar (FF)
  Destination:       Qbar_outputs<7> (PAD)
  Source Clock:      inst[6].T_flipflop_i/Q_bar rising

  Data Path: inst[7].T_flipflop_i/Q_bar to Qbar_outputs<7>
                                Gate     Net
    Cell:in->out      fanout   Delay   Delay  Logical Name (Net Name)
    ----------------------------------------  ------------
     FDP:C->Q              2   0.591   0.447  inst[7].T_flipflop_i/Q_bar (inst[7].T_flipflop_i/Q_bar)
     OBUF:I->O                 3.272          Qbar_outputs_7_OBUF (Qbar_outputs<7>)
    ----------------------------------------
    Total                      4.310ns (3.863ns logic, 0.447ns route)
                                       (89.6% logic, 10.4% route)

=========================================================================
Timing constraint: Default OFFSET OUT AFTER for Clock 'inst[5].T_flipflop_i/Q_bar'
  Total number of paths / destination ports: 2 / 2
-------------------------------------------------------------------------
Offset:              4.450ns (Levels of Logic = 1)
  Source:            inst[6].T_flipflop_i/Q_bar (FF)
  Destination:       Qbar_outputs<6> (PAD)
  Source Clock:      inst[5].T_flipflop_i/Q_bar rising

  Data Path: inst[6].T_flipflop_i/Q_bar to Qbar_outputs<6>
                                Gate     Net
    Cell:in->out      fanout   Delay   Delay  Logical Name (Net Name)
    ----------------------------------------  ------------
     FDP:C->Q              4   0.591   0.587  inst[6].T_flipflop_i/Q_bar (inst[6].T_flipflop_i/Q_bar)
     OBUF:I->O                 3.272          Qbar_outputs_6_OBUF (Qbar_outputs<6>)
    ----------------------------------------
    Total                      4.450ns (3.863ns logic, 0.587ns route)
                                       (86.8% logic, 13.2% route)

=========================================================================
Timing constraint: Default OFFSET OUT AFTER for Clock 'inst[4].T_flipflop_i/Q_bar'
  Total number of paths / destination ports: 2 / 2
-------------------------------------------------------------------------
Offset:              4.450ns (Levels of Logic = 1)
  Source:            inst[5].T_flipflop_i/Q_bar (FF)
  Destination:       Qbar_outputs<5> (PAD)
  Source Clock:      inst[4].T_flipflop_i/Q_bar rising

  Data Path: inst[5].T_flipflop_i/Q_bar to Qbar_outputs<5>
                                Gate     Net
    Cell:in->out      fanout   Delay   Delay  Logical Name (Net Name)
    ----------------------------------------  ------------
     FDP:C->Q              4   0.591   0.587  inst[5].T_flipflop_i/Q_bar (inst[5].T_flipflop_i/Q_bar)
     OBUF:I->O                 3.272          Qbar_outputs_5_OBUF (Qbar_outputs<5>)
    ----------------------------------------
    Total                      4.450ns (3.863ns logic, 0.587ns route)
                                       (86.8% logic, 13.2% route)

=========================================================================
Timing constraint: Default OFFSET OUT AFTER for Clock 'inst[3].T_flipflop_i/Q_bar'
  Total number of paths / destination ports: 2 / 2
-------------------------------------------------------------------------
Offset:              4.450ns (Levels of Logic = 1)
  Source:            inst[4].T_flipflop_i/Q_bar (FF)
  Destination:       Qbar_outputs<4> (PAD)
  Source Clock:      inst[3].T_flipflop_i/Q_bar rising

  Data Path: inst[4].T_flipflop_i/Q_bar to Qbar_outputs<4>
                                Gate     Net
    Cell:in->out      fanout   Delay   Delay  Logical Name (Net Name)
    ----------------------------------------  ------------
     FDP:C->Q              4   0.591   0.587  inst[4].T_flipflop_i/Q_bar (inst[4].T_flipflop_i/Q_bar)
     OBUF:I->O                 3.272          Qbar_outputs_4_OBUF (Qbar_outputs<4>)
    ----------------------------------------
    Total                      4.450ns (3.863ns logic, 0.587ns route)
                                       (86.8% logic, 13.2% route)

=========================================================================
Timing constraint: Default OFFSET OUT AFTER for Clock 'inst[2].T_flipflop_i/Q_bar'
  Total number of paths / destination ports: 2 / 2
-------------------------------------------------------------------------
Offset:              4.450ns (Levels of Logic = 1)
  Source:            inst[3].T_flipflop_i/Q_bar (FF)
  Destination:       Qbar_outputs<3> (PAD)
  Source Clock:      inst[2].T_flipflop_i/Q_bar rising

  Data Path: inst[3].T_flipflop_i/Q_bar to Qbar_outputs<3>
                                Gate     Net
    Cell:in->out      fanout   Delay   Delay  Logical Name (Net Name)
    ----------------------------------------  ------------
     FDP:C->Q              4   0.591   0.587  inst[3].T_flipflop_i/Q_bar (inst[3].T_flipflop_i/Q_bar)
     OBUF:I->O                 3.272          Qbar_outputs_3_OBUF (Qbar_outputs<3>)
    ----------------------------------------
    Total                      4.450ns (3.863ns logic, 0.587ns route)
                                       (86.8% logic, 13.2% route)

=========================================================================
Timing constraint: Default OFFSET OUT AFTER for Clock 'inst[1].T_flipflop_i/Q_bar'
  Total number of paths / destination ports: 2 / 2
-------------------------------------------------------------------------
Offset:              4.450ns (Levels of Logic = 1)
  Source:            inst[2].T_flipflop_i/Q_bar (FF)
  Destination:       Qbar_outputs<2> (PAD)
  Source Clock:      inst[1].T_flipflop_i/Q_bar rising

  Data Path: inst[2].T_flipflop_i/Q_bar to Qbar_outputs<2>
                                Gate     Net
    Cell:in->out      fanout   Delay   Delay  Logical Name (Net Name)
    ----------------------------------------  ------------
     FDP:C->Q              4   0.591   0.587  inst[2].T_flipflop_i/Q_bar (inst[2].T_flipflop_i/Q_bar)
     OBUF:I->O                 3.272          Qbar_outputs_2_OBUF (Qbar_outputs<2>)
    ----------------------------------------
    Total                      4.450ns (3.863ns logic, 0.587ns route)
                                       (86.8% logic, 13.2% route)

=========================================================================
Timing constraint: Default OFFSET OUT AFTER for Clock 'inst[0].T_flipflop_i/Q_bar'
  Total number of paths / destination ports: 2 / 2
-------------------------------------------------------------------------
Offset:              4.450ns (Levels of Logic = 1)
  Source:            inst[1].T_flipflop_i/Q_bar (FF)
  Destination:       Qbar_outputs<1> (PAD)
  Source Clock:      inst[0].T_flipflop_i/Q_bar rising

  Data Path: inst[1].T_flipflop_i/Q_bar to Qbar_outputs<1>
                                Gate     Net
    Cell:in->out      fanout   Delay   Delay  Logical Name (Net Name)
    ----------------------------------------  ------------
     FDP:C->Q              4   0.591   0.587  inst[1].T_flipflop_i/Q_bar (inst[1].T_flipflop_i/Q_bar)
     OBUF:I->O                 3.272          Qbar_outputs_1_OBUF (Qbar_outputs<1>)
    ----------------------------------------
    Total                      4.450ns (3.863ns logic, 0.587ns route)
                                       (86.8% logic, 13.2% route)

=========================================================================
Timing constraint: Default OFFSET OUT AFTER for Clock 'clk'
  Total number of paths / destination ports: 2 / 2
-------------------------------------------------------------------------
Offset:              4.450ns (Levels of Logic = 1)
  Source:            inst[0].T_flipflop_i/Q_bar (FF)
  Destination:       Qbar_outputs<0> (PAD)
  Source Clock:      clk rising

  Data Path: inst[0].T_flipflop_i/Q_bar to Qbar_outputs<0>
                                Gate     Net
    Cell:in->out      fanout   Delay   Delay  Logical Name (Net Name)
    ----------------------------------------  ------------
     FDP:C->Q              4   0.591   0.587  inst[0].T_flipflop_i/Q_bar (inst[0].T_flipflop_i/Q_bar)
     OBUF:I->O                 3.272          Qbar_outputs_0_OBUF (Qbar_outputs<0>)
    ----------------------------------------
    Total                      4.450ns (3.863ns logic, 0.587ns route)
                                       (86.8% logic, 13.2% route)

=========================================================================


Total REAL time to Xst completion: 4.00 secs
Total CPU time to Xst completion: 3.64 secs
 
--> 

Total memory usage is 306424 kilobytes

Number of errors   :    0 (   0 filtered)
Number of warnings :    0 (   0 filtered)
Number of infos    :    1 (   0 filtered)

