Release 14.7 - xst P.20131013 (nt64)
Copyright (c) 1995-2013 Xilinx, Inc.  All rights reserved.
--> Parameter TMPDIR set to xst/projnav.tmp


Total REAL time to Xst completion: 0.00 secs
Total CPU time to Xst completion: 0.10 secs
 
--> Parameter xsthdpdir set to xst


Total REAL time to Xst completion: 0.00 secs
Total CPU time to Xst completion: 0.11 secs
 
--> Reading design: four_bit_shifter.prj

TABLE OF CONTENTS
  1) Synthesis Options Summary
  2) HDL Compilation
  3) Design Hierarchy Analysis
  4) HDL Analysis
  5) HDL Synthesis
     5.1) HDL Synthesis Report
  6) Advanced HDL Synthesis
     6.1) Advanced HDL Synthesis Report
  7) Low Level Synthesis
  8) Partition Report
  9) Final Report
	9.1) Device utilization summary
	9.2) Partition Resource Summary
	9.3) TIMING REPORT


=========================================================================
*                      Synthesis Options Summary                        *
=========================================================================
---- Source Parameters
Input File Name                    : "four_bit_shifter.prj"
Input Format                       : mixed
Ignore Synthesis Constraint File   : NO

---- Target Parameters
Output File Name                   : "four_bit_shifter"
Output Format                      : NGC
Target Device                      : xc3s500e-4-ft256

---- Source Options
Top Module Name                    : four_bit_shifter
Automatic FSM Extraction           : YES
FSM Encoding Algorithm             : Auto
Safe Implementation                : No
FSM Style                          : LUT
RAM Extraction                     : Yes
RAM Style                          : Auto
ROM Extraction                     : Yes
Mux Style                          : Auto
Decoder Extraction                 : YES
Priority Encoder Extraction        : Yes
Shift Register Extraction          : YES
Logical Shifter Extraction         : YES
XOR Collapsing                     : YES
ROM Style                          : Auto
Mux Extraction                     : Yes
Resource Sharing                   : YES
Asynchronous To Synchronous        : NO
Multiplier Style                   : Auto
Automatic Register Balancing       : No

---- Target Options
Add IO Buffers                     : YES
Global Maximum Fanout              : 100000
Add Generic Clock Buffer(BUFG)     : 24
Register Duplication               : YES
Slice Packing                      : YES
Optimize Instantiated Primitives   : NO
Use Clock Enable                   : Yes
Use Synchronous Set                : Yes
Use Synchronous Reset              : Yes
Pack IO Registers into IOBs        : Auto
Equivalent register Removal        : YES

---- General Options
Optimization Goal                  : Speed
Optimization Effort                : 1
Keep Hierarchy                     : No
Netlist Hierarchy                  : As_Optimized
RTL Output                         : Yes
Global Optimization                : AllClockNets
Read Cores                         : YES
Write Timing Constraints           : NO
Cross Clock Analysis               : NO
Hierarchy Separator                : /
Bus Delimiter                      : <>
Case Specifier                     : Maintain
Slice Utilization Ratio            : 100
BRAM Utilization Ratio             : 100
Verilog 2001                       : YES
Auto BRAM Packing                  : NO
Slice Utilization Ratio Delta      : 5

=========================================================================


=========================================================================
*                          HDL Compilation                              *
=========================================================================
Compiling vhdl file "E:/Lab6/Lab6/not_gate.vhd" in Library work.
Architecture behavioral of Entity not_gate is up to date.
Compiling vhdl file "E:/Lab6/Lab6/and_gate.vhd" in Library work.
Architecture and_gate_behavioral of Entity and_gate is up to date.
Compiling vhdl file "E:/Lab6/Lab6/or_gate.vhd" in Library work.
Architecture or_gate_behaviour of Entity or_gate is up to date.
Compiling vhdl file "E:/Lab6/Lab6/two_input_multiplexer.vhd" in Library work.
Architecture two_input_multiplexer_behavioral of Entity two_input_multiplexer is up to date.
Compiling vhdl file "E:/Lab6/Lab6/four_input_multiplexer.vhd" in Library work.
Architecture behavioral of Entity four_input_multiplexer is up to date.
Compiling vhdl file "E:/Lab6/Lab6/shift_control_logic.vhd" in Library work.
Architecture behavioral of Entity shift_control_logic is up to date.
Compiling vhdl file "E:/Lab6/Lab6/n_bit_shifter_rotator_unit.vhd" in Library work.
Architecture behavioral of Entity n_bit_shifter_rotator_unit is up to date.
Compiling vhdl file "E:/Lab6/Lab6/four_bit_shifter.vhd" in Library work.
Architecture behavioral of Entity four_bit_shifter is up to date.

=========================================================================
*                     Design Hierarchy Analysis                         *
=========================================================================
Analyzing hierarchy for entity <four_bit_shifter> in library <work> (architecture <behavioral>).

Analyzing hierarchy for entity <shift_control_logic> in library <work> (architecture <behavioral>).

Analyzing hierarchy for entity <n_bit_shifter_rotator_unit> in library <work> (architecture <behavioral>) with generics.
	n = 4

Analyzing hierarchy for entity <two_input_multiplexer> in library <work> (architecture <two_input_multiplexer_behavioral>).

Analyzing hierarchy for entity <four_input_multiplexer> in library <work> (architecture <behavioral>).

Analyzing hierarchy for entity <not_gate> in library <work> (architecture <behavioral>).

Analyzing hierarchy for entity <and_gate> in library <work> (architecture <and_gate_behavioral>).

Analyzing hierarchy for entity <or_gate> in library <work> (architecture <or_gate_behaviour>).

Analyzing hierarchy for entity <two_input_multiplexer> in library <work> (architecture <two_input_multiplexer_behavioral>).

Analyzing hierarchy for entity <not_gate> in library <work> (architecture <behavioral>).

Analyzing hierarchy for entity <and_gate> in library <work> (architecture <and_gate_behavioral>).

Analyzing hierarchy for entity <or_gate> in library <work> (architecture <or_gate_behaviour>).


=========================================================================
*                            HDL Analysis                               *
=========================================================================
Analyzing Entity <four_bit_shifter> in library <work> (Architecture <behavioral>).
Entity <four_bit_shifter> analyzed. Unit <four_bit_shifter> generated.

Analyzing Entity <shift_control_logic> in library <work> (Architecture <behavioral>).
Entity <shift_control_logic> analyzed. Unit <shift_control_logic> generated.

Analyzing generic Entity <n_bit_shifter_rotator_unit> in library <work> (Architecture <behavioral>).
	n = 4
Entity <n_bit_shifter_rotator_unit> analyzed. Unit <n_bit_shifter_rotator_unit> generated.

Analyzing Entity <two_input_multiplexer> in library <work> (Architecture <two_input_multiplexer_behavioral>).
Entity <two_input_multiplexer> analyzed. Unit <two_input_multiplexer> generated.

Analyzing Entity <not_gate> in library <work> (Architecture <behavioral>).
Entity <not_gate> analyzed. Unit <not_gate> generated.

Analyzing Entity <and_gate> in library <work> (Architecture <and_gate_behavioral>).
Entity <and_gate> analyzed. Unit <and_gate> generated.

Analyzing Entity <or_gate> in library <work> (Architecture <or_gate_behaviour>).
Entity <or_gate> analyzed. Unit <or_gate> generated.

Analyzing Entity <four_input_multiplexer> in library <work> (Architecture <behavioral>).
Entity <four_input_multiplexer> analyzed. Unit <four_input_multiplexer> generated.


=========================================================================
*                           HDL Synthesis                               *
=========================================================================

Performing bidirectional port resolution...

Synthesizing Unit <shift_control_logic>.
    Related source file is "E:/Lab6/Lab6/shift_control_logic.vhd".
Unit <shift_control_logic> synthesized.


Synthesizing Unit <not_gate>.
    Related source file is "E:/Lab6/Lab6/not_gate.vhd".
Unit <not_gate> synthesized.


Synthesizing Unit <and_gate>.
    Related source file is "E:/Lab6/Lab6/and_gate.vhd".
Unit <and_gate> synthesized.


Synthesizing Unit <or_gate>.
    Related source file is "E:/Lab6/Lab6/or_gate.vhd".
Unit <or_gate> synthesized.


Synthesizing Unit <two_input_multiplexer>.
    Related source file is "E:/Lab6/Lab6/two_input_multiplexer.vhd".
Unit <two_input_multiplexer> synthesized.


Synthesizing Unit <four_input_multiplexer>.
    Related source file is "E:/Lab6/Lab6/four_input_multiplexer.vhd".
Unit <four_input_multiplexer> synthesized.


Synthesizing Unit <n_bit_shifter_rotator_unit>.
    Related source file is "E:/Lab6/Lab6/n_bit_shifter_rotator_unit.vhd".
Unit <n_bit_shifter_rotator_unit> synthesized.


Synthesizing Unit <four_bit_shifter>.
    Related source file is "E:/Lab6/Lab6/four_bit_shifter.vhd".
Unit <four_bit_shifter> synthesized.


=========================================================================
HDL Synthesis Report

Found no macro
=========================================================================

=========================================================================
*                       Advanced HDL Synthesis                          *
=========================================================================

WARNING:Xst:1290 - Hierarchical block <Gate3> is unconnected in block <GMUX2>.
   It will be removed from the design.
WARNING:Xst:1290 - Hierarchical block <Gate3> is unconnected in block <GMUX2>.
   It will be removed from the design.
WARNING:Xst:1290 - Hierarchical block <Gate3> is unconnected in block <GMUX2>.
   It will be removed from the design.
WARNING:Xst:1290 - Hierarchical block <Gate3> is unconnected in block <GMUX2>.
   It will be removed from the design.

=========================================================================
Advanced HDL Synthesis Report

Found no macro
=========================================================================

=========================================================================
*                         Low Level Synthesis                           *
=========================================================================

Optimizing unit <four_bit_shifter> ...

Mapping all equations...
Building and optimizing final netlist ...
Found area constraint ratio of 100 (+ 5) on block four_bit_shifter, actual ratio is 0.

Final Macro Processing ...

=========================================================================
Final Register Report

Found no macro
=========================================================================

=========================================================================
*                           Partition Report                            *
=========================================================================

Partition Implementation Status
-------------------------------

  No Partitions were found in this design.

-------------------------------

=========================================================================
*                            Final Report                               *
=========================================================================
Final Results
RTL Top Level Output File Name     : four_bit_shifter.ngr
Top Level Output File Name         : four_bit_shifter
Output Format                      : NGC
Optimization Goal                  : Speed
Keep Hierarchy                     : No

Design Statistics
# IOs                              : 11

Cell Usage :
# BELS                             : 12
#      LUT4                        : 8
#      MUXF5                       : 4
# IO Buffers                       : 11
#      IBUF                        : 7
#      OBUF                        : 4
=========================================================================

Device utilization summary:
---------------------------

Selected Device : 3s500eft256-4 

 Number of Slices:                        4  out of   4656     0%  
 Number of 4 input LUTs:                  8  out of   9312     0%  
 Number of IOs:                          11
 Number of bonded IOBs:                  11  out of    190     5%  

---------------------------
Partition Resource Summary:
---------------------------

  No Partitions were found in this design.

---------------------------


=========================================================================
TIMING REPORT

NOTE: THESE TIMING NUMBERS ARE ONLY A SYNTHESIS ESTIMATE.
      FOR ACCURATE TIMING INFORMATION PLEASE REFER TO THE TRACE REPORT
      GENERATED AFTER PLACE-and-ROUTE.

Clock Information:
------------------
No clock signals found in this design

Asynchronous Control Signals Information:
----------------------------------------
No asynchronous control signals found in this design

Timing Summary:
---------------
Speed Grade: -4

   Minimum period: No path found
   Minimum input arrival time before clock: No path found
   Maximum output required time after clock: No path found
   Maximum combinational path delay: 6.867ns

Timing Detail:
--------------
All values displayed in nanoseconds (ns)

=========================================================================
Timing constraint: Default path analysis
  Total number of paths / destination ports: 36 / 4
-------------------------------------------------------------------------
Delay:               6.867ns (Levels of Logic = 4)
  Source:            G<0> (PAD)
  Destination:       Output<3> (PAD)

  Data Path: G<0> to Output<3>
                                Gate     Net
    Cell:in->out      fanout   Delay   Delay  Logical Name (Net Name)
    ----------------------------------------  ------------
     IBUF:I->O             8   1.218   0.932  G_0_IBUF (G_0_IBUF)
     LUT4:I0->O            1   0.704   0.000  shift_device/inst[3].if1.fourMuxTwo/GMUX3/Gate4/f_G (N15)
     MUXF5:I1->O           1   0.321   0.420  shift_device/inst[3].if1.fourMuxTwo/GMUX3/Gate4/f (Output_3_OBUF)
     OBUF:I->O                 3.272          Output_3_OBUF (Output<3>)
    ----------------------------------------
    Total                      6.867ns (5.515ns logic, 1.352ns route)
                                       (80.3% logic, 19.7% route)

=========================================================================


Total REAL time to Xst completion: 5.00 secs
Total CPU time to Xst completion: 5.18 secs
 
--> 

Total memory usage is 306264 kilobytes

Number of errors   :    0 (   0 filtered)
Number of warnings :    4 (   0 filtered)
Number of infos    :    0 (   0 filtered)

