Release 14.7 - xst P.20131013 (nt64)
Copyright (c) 1995-2013 Xilinx, Inc.  All rights reserved.
--> Parameter TMPDIR set to xst/projnav.tmp


Total REAL time to Xst completion: 1.00 secs
Total CPU time to Xst completion: 0.28 secs
 
--> Parameter xsthdpdir set to xst


Total REAL time to Xst completion: 1.00 secs
Total CPU time to Xst completion: 0.28 secs
 
--> Reading design: n_bit_register_hold_load.prj

TABLE OF CONTENTS
  1) Synthesis Options Summary
  2) HDL Compilation
  3) Design Hierarchy Analysis
  4) HDL Analysis
  5) HDL Synthesis
     5.1) HDL Synthesis Report
  6) Advanced HDL Synthesis
     6.1) Advanced HDL Synthesis Report
  7) Low Level Synthesis
  8) Partition Report
  9) Final Report
	9.1) Device utilization summary
	9.2) Partition Resource Summary
	9.3) TIMING REPORT


=========================================================================
*                      Synthesis Options Summary                        *
=========================================================================
---- Source Parameters
Input File Name                    : "n_bit_register_hold_load.prj"
Input Format                       : mixed
Ignore Synthesis Constraint File   : NO

---- Target Parameters
Output File Name                   : "n_bit_register_hold_load"
Output Format                      : NGC
Target Device                      : xc3s500e-4-ft256

---- Source Options
Top Module Name                    : n_bit_register_hold_load
Automatic FSM Extraction           : YES
FSM Encoding Algorithm             : Auto
Safe Implementation                : No
FSM Style                          : LUT
RAM Extraction                     : Yes
RAM Style                          : Auto
ROM Extraction                     : Yes
Mux Style                          : Auto
Decoder Extraction                 : YES
Priority Encoder Extraction        : Yes
Shift Register Extraction          : YES
Logical Shifter Extraction         : YES
XOR Collapsing                     : YES
ROM Style                          : Auto
Mux Extraction                     : Yes
Resource Sharing                   : YES
Asynchronous To Synchronous        : NO
Multiplier Style                   : Auto
Automatic Register Balancing       : No

---- Target Options
Add IO Buffers                     : YES
Global Maximum Fanout              : 100000
Add Generic Clock Buffer(BUFG)     : 24
Register Duplication               : YES
Slice Packing                      : YES
Optimize Instantiated Primitives   : NO
Use Clock Enable                   : Yes
Use Synchronous Set                : Yes
Use Synchronous Reset              : Yes
Pack IO Registers into IOBs        : Auto
Equivalent register Removal        : YES

---- General Options
Optimization Goal                  : Speed
Optimization Effort                : 1
Keep Hierarchy                     : No
Netlist Hierarchy                  : As_Optimized
RTL Output                         : Yes
Global Optimization                : AllClockNets
Read Cores                         : YES
Write Timing Constraints           : NO
Cross Clock Analysis               : NO
Hierarchy Separator                : /
Bus Delimiter                      : <>
Case Specifier                     : Maintain
Slice Utilization Ratio            : 100
BRAM Utilization Ratio             : 100
Verilog 2001                       : YES
Auto BRAM Packing                  : NO
Slice Utilization Ratio Delta      : 5

=========================================================================


=========================================================================
*                          HDL Compilation                              *
=========================================================================
Compiling vhdl file "C:/Users/MicSeltene/Desktop/Lab6/Lab_6/not_gate.vhd" in Library work.
Architecture behavioral of Entity not_gate is up to date.
Compiling vhdl file "C:/Users/MicSeltene/Desktop/Lab6/Lab_6/and_gate.vhd" in Library work.
Architecture and_gate_behavioral of Entity and_gate is up to date.
Compiling vhdl file "C:/Users/MicSeltene/Desktop/Lab6/Lab_6/or_gate.vhd" in Library work.
Architecture or_gate_behaviour of Entity or_gate is up to date.
Compiling vhdl file "C:/Users/MicSeltene/Desktop/Lab6/Lab_6/D_flipflop.vhd" in Library work.
Architecture behavioral of Entity d_flipflop is up to date.
Compiling vhdl file "C:/Users/MicSeltene/Desktop/Lab6/Lab_6/two_input_multiplexer.vhd" in Library work.
Architecture two_input_multiplexer_behavioral of Entity two_input_multiplexer is up to date.
Compiling vhdl file "C:/Users/MicSeltene/Desktop/Lab6/Lab_6/n_bit_2_input_mux.vhd" in Library work.
Architecture behavioral of Entity n_bit_2_input_mux is up to date.
Compiling vhdl file "C:/Users/MicSeltene/Desktop/Lab6/Lab_6/n_bit_register.vhd" in Library work.
Architecture behavioral of Entity n_bit_register is up to date.
Compiling vhdl file "C:/Users/MicSeltene/Desktop/Lab6/Lab_6/n_bit_register_hold-load.vhd" in Library work.
Architecture behavioral of Entity n_bit_register_hold_load is up to date.

=========================================================================
*                     Design Hierarchy Analysis                         *
=========================================================================
Analyzing hierarchy for entity <n_bit_register_hold_load> in library <work> (architecture <behavioral>) with generics.
	n = 4

Analyzing hierarchy for entity <n_bit_2_input_mux> in library <work> (architecture <behavioral>) with generics.
	n = 4

Analyzing hierarchy for entity <n_bit_register> in library <work> (architecture <behavioral>) with generics.
	n = 4

Analyzing hierarchy for entity <two_input_multiplexer> in library <work> (architecture <two_input_multiplexer_behavioral>).

Analyzing hierarchy for entity <D_flipflop> in library <work> (architecture <behavioral>).

Analyzing hierarchy for entity <not_gate> in library <work> (architecture <behavioral>).

Analyzing hierarchy for entity <and_gate> in library <work> (architecture <and_gate_behavioral>).

Analyzing hierarchy for entity <or_gate> in library <work> (architecture <or_gate_behaviour>).


=========================================================================
*                            HDL Analysis                               *
=========================================================================
Analyzing generic Entity <n_bit_register_hold_load> in library <work> (Architecture <behavioral>).
	n = 4
Entity <n_bit_register_hold_load> analyzed. Unit <n_bit_register_hold_load> generated.

Analyzing generic Entity <n_bit_2_input_mux> in library <work> (Architecture <behavioral>).
	n = 4
Entity <n_bit_2_input_mux> analyzed. Unit <n_bit_2_input_mux> generated.

Analyzing Entity <two_input_multiplexer> in library <work> (Architecture <two_input_multiplexer_behavioral>).
Entity <two_input_multiplexer> analyzed. Unit <two_input_multiplexer> generated.

Analyzing Entity <not_gate> in library <work> (Architecture <behavioral>).
Entity <not_gate> analyzed. Unit <not_gate> generated.

Analyzing Entity <and_gate> in library <work> (Architecture <and_gate_behavioral>).
Entity <and_gate> analyzed. Unit <and_gate> generated.

Analyzing Entity <or_gate> in library <work> (Architecture <or_gate_behaviour>).
Entity <or_gate> analyzed. Unit <or_gate> generated.

Analyzing generic Entity <n_bit_register> in library <work> (Architecture <behavioral>).
	n = 4
Entity <n_bit_register> analyzed. Unit <n_bit_register> generated.

Analyzing Entity <D_flipflop> in library <work> (Architecture <behavioral>).
Entity <D_flipflop> analyzed. Unit <D_flipflop> generated.


=========================================================================
*                           HDL Synthesis                               *
=========================================================================

Performing bidirectional port resolution...

Synthesizing Unit <not_gate>.
    Related source file is "C:/Users/MicSeltene/Desktop/Lab6/Lab_6/not_gate.vhd".
Unit <not_gate> synthesized.


Synthesizing Unit <and_gate>.
    Related source file is "C:/Users/MicSeltene/Desktop/Lab6/Lab_6/and_gate.vhd".
Unit <and_gate> synthesized.


Synthesizing Unit <or_gate>.
    Related source file is "C:/Users/MicSeltene/Desktop/Lab6/Lab_6/or_gate.vhd".
Unit <or_gate> synthesized.


Synthesizing Unit <D_flipflop>.
    Related source file is "C:/Users/MicSeltene/Desktop/Lab6/Lab_6/D_flipflop.vhd".
INFO:Xst:1608 - Relative priorities of control signals on register <Q_bar> differ from those commonly found in the selected device family. This will result in additional logic around the register.
    Found 1-bit register for signal <Q>.
    Found 1-bit register for signal <Q_bar>.
    Summary:
	inferred   2 D-type flip-flop(s).
Unit <D_flipflop> synthesized.


Synthesizing Unit <n_bit_register>.
    Related source file is "C:/Users/MicSeltene/Desktop/Lab6/Lab_6/n_bit_register.vhd".
Unit <n_bit_register> synthesized.


Synthesizing Unit <two_input_multiplexer>.
    Related source file is "C:/Users/MicSeltene/Desktop/Lab6/Lab_6/two_input_multiplexer.vhd".
Unit <two_input_multiplexer> synthesized.


Synthesizing Unit <n_bit_2_input_mux>.
    Related source file is "C:/Users/MicSeltene/Desktop/Lab6/Lab_6/n_bit_2_input_mux.vhd".
Unit <n_bit_2_input_mux> synthesized.


Synthesizing Unit <n_bit_register_hold_load>.
    Related source file is "C:/Users/MicSeltene/Desktop/Lab6/Lab_6/n_bit_register_hold-load.vhd".
Unit <n_bit_register_hold_load> synthesized.


=========================================================================
HDL Synthesis Report

Macro Statistics
# Registers                                            : 8
 1-bit register                                        : 8

=========================================================================

=========================================================================
*                       Advanced HDL Synthesis                          *
=========================================================================


=========================================================================
Advanced HDL Synthesis Report

Macro Statistics
# Registers                                            : 8
 Flip-Flops                                            : 8

=========================================================================

=========================================================================
*                         Low Level Synthesis                           *
=========================================================================

Optimizing unit <n_bit_register_hold_load> ...

Mapping all equations...
Building and optimizing final netlist ...
Found area constraint ratio of 100 (+ 5) on block n_bit_register_hold_load, actual ratio is 0.
FlipFlop NRegister/inst[3].D_flipflop_i/Q has been replicated 1 time(s) to handle iob=true attribute.
FlipFlop NRegister/inst[2].D_flipflop_i/Q has been replicated 1 time(s) to handle iob=true attribute.
FlipFlop NRegister/inst[1].D_flipflop_i/Q has been replicated 1 time(s) to handle iob=true attribute.
FlipFlop NRegister/inst[0].D_flipflop_i/Q has been replicated 1 time(s) to handle iob=true attribute.

Final Macro Processing ...

=========================================================================
Final Register Report

Macro Statistics
# Registers                                            : 12
 Flip-Flops                                            : 12

=========================================================================

=========================================================================
*                           Partition Report                            *
=========================================================================

Partition Implementation Status
-------------------------------

  No Partitions were found in this design.

-------------------------------

=========================================================================
*                            Final Report                               *
=========================================================================
Final Results
RTL Top Level Output File Name     : n_bit_register_hold_load.ngr
Top Level Output File Name         : n_bit_register_hold_load
Output Format                      : NGC
Optimization Goal                  : Speed
Keep Hierarchy                     : No

Design Statistics
# IOs                              : 16

Cell Usage :
# BELS                             : 5
#      LUT2                        : 1
#      LUT3                        : 4
# FlipFlops/Latches                : 12
#      FDCP                        : 4
#      FDCPE                       : 8
# Clock Buffers                    : 1
#      BUFGP                       : 1
# IO Buffers                       : 15
#      IBUF                        : 7
#      OBUF                        : 8
=========================================================================

Device utilization summary:
---------------------------

Selected Device : 3s500eft256-4 

 Number of Slices:                        4  out of   4656     0%  
 Number of Slice Flip Flops:              8  out of   9312     0%  
 Number of 4 input LUTs:                  5  out of   9312     0%  
 Number of IOs:                          16
 Number of bonded IOBs:                  16  out of    190     8%  
    IOB Flip Flops:                       4
 Number of GCLKs:                         1  out of     24     4%  

---------------------------
Partition Resource Summary:
---------------------------

  No Partitions were found in this design.

---------------------------


=========================================================================
TIMING REPORT

NOTE: THESE TIMING NUMBERS ARE ONLY A SYNTHESIS ESTIMATE.
      FOR ACCURATE TIMING INFORMATION PLEASE REFER TO THE TRACE REPORT
      GENERATED AFTER PLACE-and-ROUTE.

Clock Information:
------------------
-----------------------------------+------------------------+-------+
Clock Signal                       | Clock buffer(FF name)  | Load  |
-----------------------------------+------------------------+-------+
clk                                | BUFGP                  | 12    |
-----------------------------------+------------------------+-------+

Asynchronous Control Signals Information:
----------------------------------------
---------------------------------------------------------------------------------------------+-------------------------------------------+-------+
Control Signal                                                                               | Buffer(FF name)                           | Load  |
---------------------------------------------------------------------------------------------+-------------------------------------------+-------+
preset                                                                                       | IBUF                                      | 12    |
reset                                                                                        | IBUF                                      | 8     |
NRegister/inst[0].D_flipflop_i/Q_bar_and0000(NRegister/inst[0].D_flipflop_i/Q_bar_and00001:O)| NONE(NRegister/inst[0].D_flipflop_i/Q_bar)| 4     |
---------------------------------------------------------------------------------------------+-------------------------------------------+-------+

Timing Summary:
---------------
Speed Grade: -4

   Minimum period: 2.058ns (Maximum Frequency: 485.909MHz)
   Minimum input arrival time before clock: 3.366ns
   Maximum output required time after clock: 4.283ns
   Maximum combinational path delay: No path found

Timing Detail:
--------------
All values displayed in nanoseconds (ns)

=========================================================================
Timing constraint: Default period analysis for Clock 'clk'
  Clock period: 2.058ns (frequency: 485.909MHz)
  Total number of paths / destination ports: 4 / 4
-------------------------------------------------------------------------
Delay:               2.058ns (Levels of Logic = 1)
  Source:            NRegister/inst[3].D_flipflop_i/Q (FF)
  Destination:       NRegister/inst[3].D_flipflop_i/Q_bar (FF)
  Source Clock:      clk rising
  Destination Clock: clk rising

  Data Path: NRegister/inst[3].D_flipflop_i/Q to NRegister/inst[3].D_flipflop_i/Q_bar
                                Gate     Net
    Cell:in->out      fanout   Delay   Delay  Logical Name (Net Name)
    ----------------------------------------  ------------
     FDCPE:C->Q            1   0.591   0.455  NRegister/inst[3].D_flipflop_i/Q (NRegister/inst[3].D_flipflop_i/Q)
     LUT3:I2->O            1   0.704   0.000  NRegister/inst[3].D_flipflop_i/Q_bar_mux00011 (NRegister/inst[3].D_flipflop_i/Q_bar_mux0001)
     FDCP:D                    0.308          NRegister/inst[3].D_flipflop_i/Q_bar
    ----------------------------------------
    Total                      2.058ns (1.603ns logic, 0.455ns route)
                                       (77.9% logic, 22.1% route)

=========================================================================
Timing constraint: Default OFFSET IN BEFORE for Clock 'clk'
  Total number of paths / destination ports: 24 / 20
-------------------------------------------------------------------------
Offset:              3.366ns (Levels of Logic = 2)
  Source:            control (PAD)
  Destination:       NRegister/inst[3].D_flipflop_i/Q_bar (FF)
  Destination Clock: clk rising

  Data Path: control to NRegister/inst[3].D_flipflop_i/Q_bar
                                Gate     Net
    Cell:in->out      fanout   Delay   Delay  Logical Name (Net Name)
    ----------------------------------------  ------------
     IBUF:I->O            12   1.218   1.136  control_IBUF (control_IBUF)
     LUT3:I0->O            1   0.704   0.000  NRegister/inst[3].D_flipflop_i/Q_bar_mux00011 (NRegister/inst[3].D_flipflop_i/Q_bar_mux0001)
     FDCP:D                    0.308          NRegister/inst[3].D_flipflop_i/Q_bar
    ----------------------------------------
    Total                      3.366ns (2.230ns logic, 1.136ns route)
                                       (66.3% logic, 33.7% route)

=========================================================================
Timing constraint: Default OFFSET OUT AFTER for Clock 'clk'
  Total number of paths / destination ports: 8 / 8
-------------------------------------------------------------------------
Offset:              4.283ns (Levels of Logic = 1)
  Source:            NRegister/inst[3].D_flipflop_i/Q_1 (FF)
  Destination:       Q_out<3> (PAD)
  Source Clock:      clk rising

  Data Path: NRegister/inst[3].D_flipflop_i/Q_1 to Q_out<3>
                                Gate     Net
    Cell:in->out      fanout   Delay   Delay  Logical Name (Net Name)
    ----------------------------------------  ------------
     FDCPE:C->Q            1   0.591   0.420  NRegister/inst[3].D_flipflop_i/Q_1 (NRegister/inst[3].D_flipflop_i/Q_1)
     OBUF:I->O                 3.272          Q_out_3_OBUF (Q_out<3>)
    ----------------------------------------
    Total                      4.283ns (3.863ns logic, 0.420ns route)
                                       (90.2% logic, 9.8% route)

=========================================================================


Total REAL time to Xst completion: 11.00 secs
Total CPU time to Xst completion: 11.06 secs
 
--> 

Total memory usage is 306896 kilobytes

Number of errors   :    0 (   0 filtered)
Number of warnings :    0 (   0 filtered)
Number of infos    :    1 (   0 filtered)

