Running: C:\Xilinx\14.7\ISE_DS\ISE\bin\nt64\unwrapped\fuse.exe -intstyle ise -incremental -o C:/Users/edsv3/Desktop/DSD/four_bit_sincronous_counter/four_bit_syncronous_counter_tb_isim_beh.exe -prj C:/Users/edsv3/Desktop/DSD/four_bit_sincronous_counter/four_bit_syncronous_counter_tb_beh.prj work.four_bit_syncronous_counter_tb 
ISim P.20131013 (signature 0x7708f090)
Number of CPUs detected in this system: 8
Turning on mult-threading, number of parallel sub-compilation jobs: 16 
Determining compilation order of HDL files
Parsing VHDL file "C:/Users/edsv3/Desktop/DSD/four_bit_sincronous_counter/D_flipflop.vhd" into library work
Parsing VHDL file "C:/Users/edsv3/Desktop/DSD/four_bit_sincronous_counter/n_bit_register.vhd" into library work
Parsing VHDL file "C:/Users/edsv3/Desktop/DSD/four_bit_sincronous_counter/next_state_logic.vhd" into library work
Parsing VHDL file "C:/Users/edsv3/Desktop/DSD/four_bit_sincronous_counter/four_bit_syncronous_counter.vhd" into library work
Parsing VHDL file "C:/Users/edsv3/Desktop/DSD/four_bit_sincronous_counter/four_bit_syncronous_counter_tb.vhd" into library work
Starting static elaboration
Completed static elaboration
Compiling package standard
Compiling package std_logic_1164
Compiling architecture behavioral of entity next_state_logic [next_state_logic_default]
Compiling architecture behavioral of entity D_flipflop [d_flipflop_default]
Compiling architecture behavioral of entity n_bit_register [\n_bit_register(4)\]
Compiling architecture behavioral of entity four_bit_syncronous_counter [four_bit_syncronous_counter_defa...]
Compiling architecture behavior of entity four_bit_syncronous_counter_tb
Time Resolution for simulation is 1ps.
Waiting for 1 sub-compilation(s) to finish...
WARNING:Simulator - Unable to copy libPortabilityNOSH.dll to the simulation executable directory: boost::filesystem::copy_file: The system cannot find the path specified, "isim\four_bit_syncronous_counter_tb_isim_beh.exe.sim\libPortability.dll".
Compiled 11 VHDL Units
Built simulation executable C:/Users/edsv3/Desktop/DSD/four_bit_sincronous_counter/four_bit_syncronous_counter_tb_isim_beh.exe
Fuse Memory Usage: 29140 KB
Fuse CPU Usage: 358 ms
