Running: C:\Xilinx\14.7\ISE_DS\ISE\bin\nt64\unwrapped\fuse.exe -intstyle ise -incremental -o C:/Users/edsv3/Desktop/DSD/eight_bit_comparator/eight_bit_comparator_tb_isim_beh.exe -prj C:/Users/edsv3/Desktop/DSD/eight_bit_comparator/eight_bit_comparator_tb_beh.prj work.eight_bit_comparator_tb 
ISim P.20131013 (signature 0x7708f090)
Number of CPUs detected in this system: 8
Turning on mult-threading, number of parallel sub-compilation jobs: 16 
Determining compilation order of HDL files
Parsing VHDL file "C:/Users/edsv3/Desktop/DSD/eight_bit_comparator/eight_bit_comparator.vhd" into library work
Parsing VHDL file "C:/Users/edsv3/Desktop/DSD/eight_bit_comparator/eight_bit_comparator_tb.vhd" into library work
Starting static elaboration
Completed static elaboration
Compiling package standard
Compiling package std_logic_1164
Compiling architecture behavioral of entity eight_bit_comparator [\eight_bit_comparator(8)\]
Compiling architecture behavior of entity eight_bit_comparator_tb
Time Resolution for simulation is 1ps.
Waiting for 1 sub-compilation(s) to finish...
WARNING:Simulator - Unable to copy libPortabilityNOSH.dll to the simulation executable directory: boost::filesystem::copy_file: The system cannot find the path specified, "isim\eight_bit_comparator_tb_isim_beh.exe.sim\libPortability.dll".
Compiled 5 VHDL Units
Built simulation executable C:/Users/edsv3/Desktop/DSD/eight_bit_comparator/eight_bit_comparator_tb_isim_beh.exe
Fuse Memory Usage: 28796 KB
Fuse CPU Usage: 296 ms
