Release 14.7 - xst P.20131013 (nt64)
Copyright (c) 1995-2013 Xilinx, Inc.  All rights reserved.
--> Parameter TMPDIR set to xst/projnav.tmp


Total REAL time to Xst completion: 1.00 secs
Total CPU time to Xst completion: 0.11 secs
 
--> Parameter xsthdpdir set to xst


Total REAL time to Xst completion: 1.00 secs
Total CPU time to Xst completion: 0.11 secs
 
--> Reading design: nbit_universal_shift_register.prj

TABLE OF CONTENTS
  1) Synthesis Options Summary
  2) HDL Compilation
  3) Design Hierarchy Analysis
  4) HDL Analysis
  5) HDL Synthesis
     5.1) HDL Synthesis Report
  6) Advanced HDL Synthesis
     6.1) Advanced HDL Synthesis Report
  7) Low Level Synthesis
  8) Partition Report
  9) Final Report
	9.1) Device utilization summary
	9.2) Partition Resource Summary
	9.3) TIMING REPORT


=========================================================================
*                      Synthesis Options Summary                        *
=========================================================================
---- Source Parameters
Input File Name                    : "nbit_universal_shift_register.prj"
Input Format                       : mixed
Ignore Synthesis Constraint File   : NO

---- Target Parameters
Output File Name                   : "nbit_universal_shift_register"
Output Format                      : NGC
Target Device                      : xc3s500e-4-ft256

---- Source Options
Top Module Name                    : nbit_universal_shift_register
Automatic FSM Extraction           : YES
FSM Encoding Algorithm             : Auto
Safe Implementation                : No
FSM Style                          : LUT
RAM Extraction                     : Yes
RAM Style                          : Auto
ROM Extraction                     : Yes
Mux Style                          : Auto
Decoder Extraction                 : YES
Priority Encoder Extraction        : Yes
Shift Register Extraction          : YES
Logical Shifter Extraction         : YES
XOR Collapsing                     : YES
ROM Style                          : Auto
Mux Extraction                     : Yes
Resource Sharing                   : YES
Asynchronous To Synchronous        : NO
Multiplier Style                   : Auto
Automatic Register Balancing       : No

---- Target Options
Add IO Buffers                     : YES
Global Maximum Fanout              : 100000
Add Generic Clock Buffer(BUFG)     : 24
Register Duplication               : YES
Slice Packing                      : YES
Optimize Instantiated Primitives   : NO
Use Clock Enable                   : Yes
Use Synchronous Set                : Yes
Use Synchronous Reset              : Yes
Pack IO Registers into IOBs        : Auto
Equivalent register Removal        : YES

---- General Options
Optimization Goal                  : Speed
Optimization Effort                : 1
Keep Hierarchy                     : No
Netlist Hierarchy                  : As_Optimized
RTL Output                         : Yes
Global Optimization                : AllClockNets
Read Cores                         : YES
Write Timing Constraints           : NO
Cross Clock Analysis               : NO
Hierarchy Separator                : /
Bus Delimiter                      : <>
Case Specifier                     : Maintain
Slice Utilization Ratio            : 100
BRAM Utilization Ratio             : 100
Verilog 2001                       : YES
Auto BRAM Packing                  : NO
Slice Utilization Ratio Delta      : 5

=========================================================================


=========================================================================
*                          HDL Compilation                              *
=========================================================================
Compiling vhdl file "C:/Users/Yasmin/Documents/Lab_3/not_gate.vhd" in Library work.
Architecture behavioral of Entity not_gate is up to date.
Compiling vhdl file "C:/Users/Yasmin/Documents/Lab_3/and_gate.vhd" in Library work.
Architecture and_gate_behavioral of Entity and_gate is up to date.
Compiling vhdl file "C:/Users/Yasmin/Documents/Lab_3/or_gate.vhd" in Library work.
Architecture or_gate_behaviour of Entity or_gate is up to date.
Compiling vhdl file "C:/Users/Yasmin/Documents/Lab_3/two_input_multiplexer.vhd" in Library work.
Architecture two_input_multiplexer_behavioral of Entity two_input_multiplexer is up to date.
Compiling vhdl file "C:/Users/Yasmin/Documents/Lab_3/D_flipflop.vhd" in Library work.
Architecture behavioral of Entity d_flipflop is up to date.
Compiling vhdl file "C:/Users/Yasmin/Documents/Lab_3/four_input_multiplexer.vhd" in Library work.
Architecture behavioral of Entity four_input_multiplexer is up to date.
Compiling vhdl file "C:/Users/Yasmin/Documents/Lab_3/n_bit_shifter_rotator_unit.vhd" in Library work.
Architecture behavioral of Entity n_bit_shifter_rotator_unit is up to date.
Compiling vhdl file "C:/Users/Yasmin/Documents/Lab_3/n_bit_register.vhd" in Library work.
Architecture behavioral of Entity n_bit_register is up to date.
Compiling vhdl file "C:/Users/Yasmin/Documents/Lab_3/nbit_universal_shift_register.vhd" in Library work.
Architecture behavioral of Entity nbit_universal_shift_register is up to date.

=========================================================================
*                     Design Hierarchy Analysis                         *
=========================================================================
Analyzing hierarchy for entity <nbit_universal_shift_register> in library <work> (architecture <behavioral>) with generics.
	n = 4

Analyzing hierarchy for entity <n_bit_shifter_rotator_unit> in library <work> (architecture <behavioral>) with generics.
	n = 4

Analyzing hierarchy for entity <n_bit_register> in library <work> (architecture <behavioral>) with generics.
	n = 4

Analyzing hierarchy for entity <two_input_multiplexer> in library <work> (architecture <two_input_multiplexer_behavioral>).

Analyzing hierarchy for entity <four_input_multiplexer> in library <work> (architecture <behavioral>).

Analyzing hierarchy for entity <D_flipflop> in library <work> (architecture <behavioral>).

Analyzing hierarchy for entity <not_gate> in library <work> (architecture <behavioral>).

Analyzing hierarchy for entity <and_gate> in library <work> (architecture <and_gate_behavioral>).

Analyzing hierarchy for entity <or_gate> in library <work> (architecture <or_gate_behaviour>).

Analyzing hierarchy for entity <two_input_multiplexer> in library <work> (architecture <two_input_multiplexer_behavioral>).

Analyzing hierarchy for entity <not_gate> in library <work> (architecture <behavioral>).

Analyzing hierarchy for entity <and_gate> in library <work> (architecture <and_gate_behavioral>).

Analyzing hierarchy for entity <or_gate> in library <work> (architecture <or_gate_behaviour>).


=========================================================================
*                            HDL Analysis                               *
=========================================================================
Analyzing generic Entity <nbit_universal_shift_register> in library <work> (Architecture <behavioral>).
	n = 4
Entity <nbit_universal_shift_register> analyzed. Unit <nbit_universal_shift_register> generated.

Analyzing generic Entity <n_bit_shifter_rotator_unit> in library <work> (Architecture <behavioral>).
	n = 4
Entity <n_bit_shifter_rotator_unit> analyzed. Unit <n_bit_shifter_rotator_unit> generated.

Analyzing Entity <two_input_multiplexer> in library <work> (Architecture <two_input_multiplexer_behavioral>).
Entity <two_input_multiplexer> analyzed. Unit <two_input_multiplexer> generated.

Analyzing Entity <not_gate> in library <work> (Architecture <behavioral>).
Entity <not_gate> analyzed. Unit <not_gate> generated.

Analyzing Entity <and_gate> in library <work> (Architecture <and_gate_behavioral>).
Entity <and_gate> analyzed. Unit <and_gate> generated.

Analyzing Entity <or_gate> in library <work> (Architecture <or_gate_behaviour>).
Entity <or_gate> analyzed. Unit <or_gate> generated.

Analyzing Entity <four_input_multiplexer> in library <work> (Architecture <behavioral>).
Entity <four_input_multiplexer> analyzed. Unit <four_input_multiplexer> generated.

Analyzing generic Entity <n_bit_register> in library <work> (Architecture <behavioral>).
	n = 4
Entity <n_bit_register> analyzed. Unit <n_bit_register> generated.

Analyzing Entity <D_flipflop> in library <work> (Architecture <behavioral>).
Entity <D_flipflop> analyzed. Unit <D_flipflop> generated.


=========================================================================
*                           HDL Synthesis                               *
=========================================================================

Performing bidirectional port resolution...

Synthesizing Unit <not_gate>.
    Related source file is "C:/Users/Yasmin/Documents/Lab_3/not_gate.vhd".
Unit <not_gate> synthesized.


Synthesizing Unit <and_gate>.
    Related source file is "C:/Users/Yasmin/Documents/Lab_3/and_gate.vhd".
Unit <and_gate> synthesized.


Synthesizing Unit <or_gate>.
    Related source file is "C:/Users/Yasmin/Documents/Lab_3/or_gate.vhd".
Unit <or_gate> synthesized.


Synthesizing Unit <D_flipflop>.
    Related source file is "C:/Users/Yasmin/Documents/Lab_3/D_flipflop.vhd".
INFO:Xst:1608 - Relative priorities of control signals on register <Q_bar> differ from those commonly found in the selected device family. This will result in additional logic around the register.
    Found 1-bit register for signal <Q>.
    Found 1-bit register for signal <Q_bar>.
    Summary:
	inferred   2 D-type flip-flop(s).
Unit <D_flipflop> synthesized.


Synthesizing Unit <n_bit_register>.
    Related source file is "C:/Users/Yasmin/Documents/Lab_3/n_bit_register.vhd".
Unit <n_bit_register> synthesized.


Synthesizing Unit <two_input_multiplexer>.
    Related source file is "C:/Users/Yasmin/Documents/Lab_3/two_input_multiplexer.vhd".
Unit <two_input_multiplexer> synthesized.


Synthesizing Unit <four_input_multiplexer>.
    Related source file is "C:/Users/Yasmin/Documents/Lab_3/four_input_multiplexer.vhd".
Unit <four_input_multiplexer> synthesized.


Synthesizing Unit <n_bit_shifter_rotator_unit>.
    Related source file is "C:/Users/Yasmin/Documents/Lab_3/n_bit_shifter_rotator_unit.vhd".
Unit <n_bit_shifter_rotator_unit> synthesized.


Synthesizing Unit <nbit_universal_shift_register>.
    Related source file is "C:/Users/Yasmin/Documents/Lab_3/nbit_universal_shift_register.vhd".
WARNING:Xst:646 - Signal <dummy> is assigned but never used. This unconnected signal will be trimmed during the optimization process.
Unit <nbit_universal_shift_register> synthesized.


=========================================================================
HDL Synthesis Report

Macro Statistics
# Registers                                            : 8
 1-bit register                                        : 8

=========================================================================

=========================================================================
*                       Advanced HDL Synthesis                          *
=========================================================================


=========================================================================
Advanced HDL Synthesis Report

Macro Statistics
# Registers                                            : 8
 Flip-Flops                                            : 8

=========================================================================

=========================================================================
*                         Low Level Synthesis                           *
=========================================================================
WARNING:Xst:2677 - Node <G2_n_bit_reg/inst[3].D_flipflop_i/Q_bar> of sequential type is unconnected in block <nbit_universal_shift_register>.
WARNING:Xst:2677 - Node <G2_n_bit_reg/inst[2].D_flipflop_i/Q_bar> of sequential type is unconnected in block <nbit_universal_shift_register>.
WARNING:Xst:2677 - Node <G2_n_bit_reg/inst[1].D_flipflop_i/Q_bar> of sequential type is unconnected in block <nbit_universal_shift_register>.
WARNING:Xst:2677 - Node <G2_n_bit_reg/inst[0].D_flipflop_i/Q_bar> of sequential type is unconnected in block <nbit_universal_shift_register>.

Optimizing unit <nbit_universal_shift_register> ...

Mapping all equations...
Building and optimizing final netlist ...
Found area constraint ratio of 100 (+ 5) on block nbit_universal_shift_register, actual ratio is 0.

Final Macro Processing ...

=========================================================================
Final Register Report

Macro Statistics
# Registers                                            : 4
 Flip-Flops                                            : 4

=========================================================================

=========================================================================
*                           Partition Report                            *
=========================================================================

Partition Implementation Status
-------------------------------

  No Partitions were found in this design.

-------------------------------

=========================================================================
*                            Final Report                               *
=========================================================================
Final Results
RTL Top Level Output File Name     : nbit_universal_shift_register.ngr
Top Level Output File Name         : nbit_universal_shift_register
Output Format                      : NGC
Optimization Goal                  : Speed
Keep Hierarchy                     : No

Design Statistics
# IOs                              : 15

Cell Usage :
# BELS                             : 14
#      LUT2                        : 1
#      LUT2_L                      : 1
#      LUT3                        : 5
#      LUT4                        : 4
#      LUT4_L                      : 1
#      MUXF5                       : 2
# FlipFlops/Latches                : 4
#      FDCP                        : 4
# Clock Buffers                    : 1
#      BUFGP                       : 1
# IO Buffers                       : 14
#      IBUF                        : 10
#      OBUF                        : 4
=========================================================================

Device utilization summary:
---------------------------

Selected Device : 3s500eft256-4 

 Number of Slices:                        6  out of   4656     0%  
 Number of Slice Flip Flops:              4  out of   9312     0%  
 Number of 4 input LUTs:                 12  out of   9312     0%  
 Number of IOs:                          15
 Number of bonded IOBs:                  15  out of    190     7%  
 Number of GCLKs:                         1  out of     24     4%  

---------------------------
Partition Resource Summary:
---------------------------

  No Partitions were found in this design.

---------------------------


=========================================================================
TIMING REPORT

NOTE: THESE TIMING NUMBERS ARE ONLY A SYNTHESIS ESTIMATE.
      FOR ACCURATE TIMING INFORMATION PLEASE REFER TO THE TRACE REPORT
      GENERATED AFTER PLACE-and-ROUTE.

Clock Information:
------------------
-----------------------------------+------------------------+-------+
Clock Signal                       | Clock buffer(FF name)  | Load  |
-----------------------------------+------------------------+-------+
CLK                                | BUFGP                  | 4     |
-----------------------------------+------------------------+-------+

Asynchronous Control Signals Information:
----------------------------------------
-----------------------------------+------------------------+-------+
Control Signal                     | Buffer(FF name)        | Load  |
-----------------------------------+------------------------+-------+
preset                             | IBUF                   | 4     |
reset                              | IBUF                   | 4     |
-----------------------------------+------------------------+-------+

Timing Summary:
---------------
Speed Grade: -4

   Minimum period: 3.397ns (Maximum Frequency: 294.377MHz)
   Minimum input arrival time before clock: 4.490ns
   Maximum output required time after clock: 4.450ns
   Maximum combinational path delay: No path found

Timing Detail:
--------------
All values displayed in nanoseconds (ns)

=========================================================================
Timing constraint: Default period analysis for Clock 'CLK'
  Clock period: 3.397ns (frequency: 294.377MHz)
  Total number of paths / destination ports: 12 / 4
-------------------------------------------------------------------------
Delay:               3.397ns (Levels of Logic = 2)
  Source:            G2_n_bit_reg/inst[0].D_flipflop_i/Q (FF)
  Destination:       G2_n_bit_reg/inst[3].D_flipflop_i/Q (FF)
  Source Clock:      CLK rising
  Destination Clock: CLK rising

  Data Path: G2_n_bit_reg/inst[0].D_flipflop_i/Q to G2_n_bit_reg/inst[3].D_flipflop_i/Q
                                Gate     Net
    Cell:in->out      fanout   Delay   Delay  Logical Name (Net Name)
    ----------------------------------------  ------------
     FDCP:C->Q             4   0.591   0.591  G2_n_bit_reg/inst[0].D_flipflop_i/Q (G2_n_bit_reg/inst[0].D_flipflop_i/Q)
     LUT4:I3->O            1   0.704   0.499  G1_shift_rotate/inst[3].if1.fourMuxTwo/GMUX3/Gate4/f25 (G1_shift_rotate/inst[3].if1.fourMuxTwo/GMUX3/Gate4/f25)
     LUT4:I1->O            1   0.704   0.000  G1_shift_rotate/inst[3].if1.fourMuxTwo/GMUX3/Gate4/f52 (shift_rotate_out<3>)
     FDCP:D                    0.308          G2_n_bit_reg/inst[3].D_flipflop_i/Q
    ----------------------------------------
    Total                      3.397ns (2.307ns logic, 1.090ns route)
                                       (67.9% logic, 32.1% route)

=========================================================================
Timing constraint: Default OFFSET IN BEFORE for Clock 'CLK'
  Total number of paths / destination ports: 23 / 4
-------------------------------------------------------------------------
Offset:              4.490ns (Levels of Logic = 3)
  Source:            F<1> (PAD)
  Destination:       G2_n_bit_reg/inst[0].D_flipflop_i/Q (FF)
  Destination Clock: CLK rising

  Data Path: F<1> to G2_n_bit_reg/inst[0].D_flipflop_i/Q
                                Gate     Net
    Cell:in->out      fanout   Delay   Delay  Logical Name (Net Name)
    ----------------------------------------  ------------
     IBUF:I->O            10   1.218   0.961  F_1_IBUF (F_1_IBUF)
     LUT2:I1->O            1   0.704   0.595  G1_shift_rotate/inst[0].if2.fourMuxZero/GMUX3/Gate4/f0 (G1_shift_rotate/inst[0].if2.fourMuxZero/GMUX3/Gate4/f0)
     LUT4:I0->O            1   0.704   0.000  G1_shift_rotate/inst[0].if2.fourMuxZero/GMUX3/Gate4/f50 (shift_rotate_out<0>)
     FDCP:D                    0.308          G2_n_bit_reg/inst[0].D_flipflop_i/Q
    ----------------------------------------
    Total                      4.490ns (2.934ns logic, 1.556ns route)
                                       (65.3% logic, 34.7% route)

=========================================================================
Timing constraint: Default OFFSET OUT AFTER for Clock 'CLK'
  Total number of paths / destination ports: 4 / 4
-------------------------------------------------------------------------
Offset:              4.450ns (Levels of Logic = 1)
  Source:            G2_n_bit_reg/inst[3].D_flipflop_i/Q (FF)
  Destination:       Q_outputs<3> (PAD)
  Source Clock:      CLK rising

  Data Path: G2_n_bit_reg/inst[3].D_flipflop_i/Q to Q_outputs<3>
                                Gate     Net
    Cell:in->out      fanout   Delay   Delay  Logical Name (Net Name)
    ----------------------------------------  ------------
     FDCP:C->Q             4   0.591   0.587  G2_n_bit_reg/inst[3].D_flipflop_i/Q (G2_n_bit_reg/inst[3].D_flipflop_i/Q)
     OBUF:I->O                 3.272          Q_outputs_3_OBUF (Q_outputs<3>)
    ----------------------------------------
    Total                      4.450ns (3.863ns logic, 0.587ns route)
                                       (86.8% logic, 13.2% route)

=========================================================================


Total REAL time to Xst completion: 6.00 secs
Total CPU time to Xst completion: 5.34 secs
 
--> 

Total memory usage is 292668 kilobytes

Number of errors   :    0 (   0 filtered)
Number of warnings :    5 (   0 filtered)
Number of infos    :    1 (   0 filtered)

